[2022-01-04 02:01:50,696] {processor.py:163} INFO - Started process (PID=6101) to work on /Users/bhagvan.kommadi/OldDesk/apacheairflow/airflow-venv/lib/python3.8/site-packages/airflow/example_dags/plugins/workday.py
[2022-01-04 02:01:50,697] {processor.py:642} INFO - Processing file /Users/bhagvan.kommadi/OldDesk/apacheairflow/airflow-venv/lib/python3.8/site-packages/airflow/example_dags/plugins/workday.py for tasks to queue
[2022-01-04 02:01:50,697] {logging_mixin.py:109} INFO - [2022-01-04 02:01:50,697] {dagbag.py:500} INFO - Filling up the DagBag from /Users/bhagvan.kommadi/OldDesk/apacheairflow/airflow-venv/lib/python3.8/site-packages/airflow/example_dags/plugins/workday.py
[2022-01-04 02:01:50,731] {processor.py:656} WARNING - No viable dags retrieved from /Users/bhagvan.kommadi/OldDesk/apacheairflow/airflow-venv/lib/python3.8/site-packages/airflow/example_dags/plugins/workday.py
[2022-01-04 02:01:50,735] {processor.py:171} INFO - Processing /Users/bhagvan.kommadi/OldDesk/apacheairflow/airflow-venv/lib/python3.8/site-packages/airflow/example_dags/plugins/workday.py took 0.039 seconds
[2022-01-04 02:04:43,823] {processor.py:163} INFO - Started process (PID=6293) to work on /Users/bhagvan.kommadi/OldDesk/apacheairflow/airflow-venv/lib/python3.8/site-packages/airflow/example_dags/plugins/workday.py
[2022-01-04 02:04:43,824] {processor.py:642} INFO - Processing file /Users/bhagvan.kommadi/OldDesk/apacheairflow/airflow-venv/lib/python3.8/site-packages/airflow/example_dags/plugins/workday.py for tasks to queue
[2022-01-04 02:04:43,825] {logging_mixin.py:109} INFO - [2022-01-04 02:04:43,825] {dagbag.py:500} INFO - Filling up the DagBag from /Users/bhagvan.kommadi/OldDesk/apacheairflow/airflow-venv/lib/python3.8/site-packages/airflow/example_dags/plugins/workday.py
[2022-01-04 02:04:43,860] {processor.py:656} WARNING - No viable dags retrieved from /Users/bhagvan.kommadi/OldDesk/apacheairflow/airflow-venv/lib/python3.8/site-packages/airflow/example_dags/plugins/workday.py
[2022-01-04 02:04:43,862] {processor.py:171} INFO - Processing /Users/bhagvan.kommadi/OldDesk/apacheairflow/airflow-venv/lib/python3.8/site-packages/airflow/example_dags/plugins/workday.py took 0.040 seconds
[2022-01-04 02:06:32,370] {processor.py:163} INFO - Started process (PID=6416) to work on /Users/bhagvan.kommadi/OldDesk/apacheairflow/airflow-venv/lib/python3.8/site-packages/airflow/example_dags/plugins/workday.py
[2022-01-04 02:06:32,372] {processor.py:642} INFO - Processing file /Users/bhagvan.kommadi/OldDesk/apacheairflow/airflow-venv/lib/python3.8/site-packages/airflow/example_dags/plugins/workday.py for tasks to queue
[2022-01-04 02:06:32,373] {logging_mixin.py:109} INFO - [2022-01-04 02:06:32,373] {dagbag.py:500} INFO - Filling up the DagBag from /Users/bhagvan.kommadi/OldDesk/apacheairflow/airflow-venv/lib/python3.8/site-packages/airflow/example_dags/plugins/workday.py
[2022-01-04 02:06:32,413] {processor.py:656} WARNING - No viable dags retrieved from /Users/bhagvan.kommadi/OldDesk/apacheairflow/airflow-venv/lib/python3.8/site-packages/airflow/example_dags/plugins/workday.py
[2022-01-04 02:06:32,415] {processor.py:171} INFO - Processing /Users/bhagvan.kommadi/OldDesk/apacheairflow/airflow-venv/lib/python3.8/site-packages/airflow/example_dags/plugins/workday.py took 0.045 seconds
[2022-01-04 02:08:03,753] {processor.py:163} INFO - Started process (PID=6533) to work on /Users/bhagvan.kommadi/OldDesk/apacheairflow/airflow-venv/lib/python3.8/site-packages/airflow/example_dags/plugins/workday.py
[2022-01-04 02:08:03,762] {processor.py:642} INFO - Processing file /Users/bhagvan.kommadi/OldDesk/apacheairflow/airflow-venv/lib/python3.8/site-packages/airflow/example_dags/plugins/workday.py for tasks to queue
[2022-01-04 02:08:03,763] {logging_mixin.py:109} INFO - [2022-01-04 02:08:03,763] {dagbag.py:500} INFO - Filling up the DagBag from /Users/bhagvan.kommadi/OldDesk/apacheairflow/airflow-venv/lib/python3.8/site-packages/airflow/example_dags/plugins/workday.py
[2022-01-04 02:08:03,809] {processor.py:656} WARNING - No viable dags retrieved from /Users/bhagvan.kommadi/OldDesk/apacheairflow/airflow-venv/lib/python3.8/site-packages/airflow/example_dags/plugins/workday.py
[2022-01-04 02:08:03,813] {processor.py:171} INFO - Processing /Users/bhagvan.kommadi/OldDesk/apacheairflow/airflow-venv/lib/python3.8/site-packages/airflow/example_dags/plugins/workday.py took 0.060 seconds
