[2022-01-04 02:01:45,138] {processor.py:163} INFO - Started process (PID=6092) to work on /Users/bhagvan.kommadi/OldDesk/apacheairflow/airflow-venv/lib/python3.8/site-packages/airflow/example_dags/subdags/subdag.py
[2022-01-04 02:01:45,139] {processor.py:642} INFO - Processing file /Users/bhagvan.kommadi/OldDesk/apacheairflow/airflow-venv/lib/python3.8/site-packages/airflow/example_dags/subdags/subdag.py for tasks to queue
[2022-01-04 02:01:45,139] {logging_mixin.py:109} INFO - [2022-01-04 02:01:45,139] {dagbag.py:500} INFO - Filling up the DagBag from /Users/bhagvan.kommadi/OldDesk/apacheairflow/airflow-venv/lib/python3.8/site-packages/airflow/example_dags/subdags/subdag.py
[2022-01-04 02:01:45,343] {processor.py:656} WARNING - No viable dags retrieved from /Users/bhagvan.kommadi/OldDesk/apacheairflow/airflow-venv/lib/python3.8/site-packages/airflow/example_dags/subdags/subdag.py
[2022-01-04 02:01:45,349] {processor.py:171} INFO - Processing /Users/bhagvan.kommadi/OldDesk/apacheairflow/airflow-venv/lib/python3.8/site-packages/airflow/example_dags/subdags/subdag.py took 0.212 seconds
[2022-01-04 02:04:39,212] {processor.py:163} INFO - Started process (PID=6291) to work on /Users/bhagvan.kommadi/OldDesk/apacheairflow/airflow-venv/lib/python3.8/site-packages/airflow/example_dags/subdags/subdag.py
[2022-01-04 02:04:39,213] {processor.py:642} INFO - Processing file /Users/bhagvan.kommadi/OldDesk/apacheairflow/airflow-venv/lib/python3.8/site-packages/airflow/example_dags/subdags/subdag.py for tasks to queue
[2022-01-04 02:04:39,213] {logging_mixin.py:109} INFO - [2022-01-04 02:04:39,213] {dagbag.py:500} INFO - Filling up the DagBag from /Users/bhagvan.kommadi/OldDesk/apacheairflow/airflow-venv/lib/python3.8/site-packages/airflow/example_dags/subdags/subdag.py
[2022-01-04 02:04:39,256] {processor.py:656} WARNING - No viable dags retrieved from /Users/bhagvan.kommadi/OldDesk/apacheairflow/airflow-venv/lib/python3.8/site-packages/airflow/example_dags/subdags/subdag.py
[2022-01-04 02:04:39,260] {processor.py:171} INFO - Processing /Users/bhagvan.kommadi/OldDesk/apacheairflow/airflow-venv/lib/python3.8/site-packages/airflow/example_dags/subdags/subdag.py took 0.049 seconds
[2022-01-04 02:06:28,848] {processor.py:163} INFO - Started process (PID=6413) to work on /Users/bhagvan.kommadi/OldDesk/apacheairflow/airflow-venv/lib/python3.8/site-packages/airflow/example_dags/subdags/subdag.py
[2022-01-04 02:06:28,849] {processor.py:642} INFO - Processing file /Users/bhagvan.kommadi/OldDesk/apacheairflow/airflow-venv/lib/python3.8/site-packages/airflow/example_dags/subdags/subdag.py for tasks to queue
[2022-01-04 02:06:28,850] {logging_mixin.py:109} INFO - [2022-01-04 02:06:28,850] {dagbag.py:500} INFO - Filling up the DagBag from /Users/bhagvan.kommadi/OldDesk/apacheairflow/airflow-venv/lib/python3.8/site-packages/airflow/example_dags/subdags/subdag.py
[2022-01-04 02:06:28,887] {processor.py:656} WARNING - No viable dags retrieved from /Users/bhagvan.kommadi/OldDesk/apacheairflow/airflow-venv/lib/python3.8/site-packages/airflow/example_dags/subdags/subdag.py
[2022-01-04 02:06:28,889] {processor.py:171} INFO - Processing /Users/bhagvan.kommadi/OldDesk/apacheairflow/airflow-venv/lib/python3.8/site-packages/airflow/example_dags/subdags/subdag.py took 0.041 seconds
[2022-01-04 02:08:00,249] {processor.py:163} INFO - Started process (PID=6529) to work on /Users/bhagvan.kommadi/OldDesk/apacheairflow/airflow-venv/lib/python3.8/site-packages/airflow/example_dags/subdags/subdag.py
[2022-01-04 02:08:00,251] {processor.py:642} INFO - Processing file /Users/bhagvan.kommadi/OldDesk/apacheairflow/airflow-venv/lib/python3.8/site-packages/airflow/example_dags/subdags/subdag.py for tasks to queue
[2022-01-04 02:08:00,251] {logging_mixin.py:109} INFO - [2022-01-04 02:08:00,251] {dagbag.py:500} INFO - Filling up the DagBag from /Users/bhagvan.kommadi/OldDesk/apacheairflow/airflow-venv/lib/python3.8/site-packages/airflow/example_dags/subdags/subdag.py
[2022-01-04 02:08:00,329] {processor.py:656} WARNING - No viable dags retrieved from /Users/bhagvan.kommadi/OldDesk/apacheairflow/airflow-venv/lib/python3.8/site-packages/airflow/example_dags/subdags/subdag.py
[2022-01-04 02:08:00,332] {processor.py:171} INFO - Processing /Users/bhagvan.kommadi/OldDesk/apacheairflow/airflow-venv/lib/python3.8/site-packages/airflow/example_dags/subdags/subdag.py took 0.084 seconds
