[2022-01-04 02:04:50,019] {taskinstance.py:1032} INFO - Dependencies all met for <TaskInstance: hello_world.hello_task manual__2022-01-03T20:34:36.054284+00:00 [queued]>
[2022-01-04 02:04:50,026] {taskinstance.py:1032} INFO - Dependencies all met for <TaskInstance: hello_world.hello_task manual__2022-01-03T20:34:36.054284+00:00 [queued]>
[2022-01-04 02:04:50,026] {taskinstance.py:1238} INFO - 
--------------------------------------------------------------------------------
[2022-01-04 02:04:50,026] {taskinstance.py:1239} INFO - Starting attempt 1 of 1
[2022-01-04 02:04:50,026] {taskinstance.py:1240} INFO - 
--------------------------------------------------------------------------------
[2022-01-04 02:04:50,043] {taskinstance.py:1259} INFO - Executing <Task(PythonOperator): hello_task> on 2022-01-03 20:34:36.054284+00:00
[2022-01-04 02:04:50,046] {standard_task_runner.py:52} INFO - Started process 6303 to run task
[2022-01-04 02:04:50,057] {standard_task_runner.py:76} INFO - Running: ['airflow', 'tasks', 'run', 'hello_world', 'hello_task', 'manual__2022-01-03T20:34:36.054284+00:00', '--job-id', '3', '--raw', '--subdir', 'DAGS_FOLDER/hello_world.py', '--cfg-path', '/var/folders/cr/0y892lq14qv7r24yl0gh0_dm0000gp/T/tmp32r3kfc4', '--error-file', '/var/folders/cr/0y892lq14qv7r24yl0gh0_dm0000gp/T/tmp84ft3t2m']
[2022-01-04 02:04:50,059] {standard_task_runner.py:77} INFO - Job 3: Subtask hello_task
[2022-01-04 02:04:50,116] {logging_mixin.py:109} INFO - Running <TaskInstance: hello_world.hello_task manual__2022-01-03T20:34:36.054284+00:00 [running]> on host 1.0.0.127.in-addr.arpa
[2022-01-04 02:04:50,156] {taskinstance.py:1424} INFO - Exporting the following env vars:
AIRFLOW_CTX_DAG_OWNER=airflow
AIRFLOW_CTX_DAG_ID=hello_world
AIRFLOW_CTX_TASK_ID=hello_task
AIRFLOW_CTX_EXECUTION_DATE=2022-01-03T20:34:36.054284+00:00
AIRFLOW_CTX_DAG_RUN_ID=manual__2022-01-03T20:34:36.054284+00:00
[2022-01-04 02:04:50,157] {python.py:175} INFO - Done. Returned value was: Hello world!
[2022-01-04 02:04:50,170] {taskinstance.py:1267} INFO - Marking task as SUCCESS. dag_id=hello_world, task_id=hello_task, execution_date=20220103T203436, start_date=20220103T203450, end_date=20220103T203450
[2022-01-04 02:04:50,198] {local_task_job.py:154} INFO - Task exited with return code 0
[2022-01-04 02:04:50,222] {local_task_job.py:264} INFO - 0 downstream tasks scheduled from follow-on schedule check
