[2022-01-04 02:02:57,856] {processor.py:163} INFO - Started process (PID=6160) to work on /Users/bhagvan.kommadi/OldDesk/apacheairflow/airflow-venv/lib/python3.8/site-packages/airflow/example_dags/example_skip_dag.py
[2022-01-04 02:02:57,858] {processor.py:642} INFO - Processing file /Users/bhagvan.kommadi/OldDesk/apacheairflow/airflow-venv/lib/python3.8/site-packages/airflow/example_dags/example_skip_dag.py for tasks to queue
[2022-01-04 02:02:57,860] {logging_mixin.py:109} INFO - [2022-01-04 02:02:57,860] {dagbag.py:500} INFO - Filling up the DagBag from /Users/bhagvan.kommadi/OldDesk/apacheairflow/airflow-venv/lib/python3.8/site-packages/airflow/example_dags/example_skip_dag.py
[2022-01-04 02:02:57,913] {processor.py:654} INFO - DAG(s) dict_keys(['example_skip_dag']) retrieved from /Users/bhagvan.kommadi/OldDesk/apacheairflow/airflow-venv/lib/python3.8/site-packages/airflow/example_dags/example_skip_dag.py
[2022-01-04 02:02:57,949] {logging_mixin.py:109} INFO - [2022-01-04 02:02:57,949] {dag.py:2396} INFO - Sync 1 DAGs
[2022-01-04 02:02:57,962] {logging_mixin.py:109} INFO - [2022-01-04 02:02:57,962] {dag.py:2935} INFO - Setting next_dagrun for example_skip_dag to 2022-01-02T20:32:57.961889+00:00
[2022-01-04 02:02:57,973] {processor.py:171} INFO - Processing /Users/bhagvan.kommadi/OldDesk/apacheairflow/airflow-venv/lib/python3.8/site-packages/airflow/example_dags/example_skip_dag.py took 0.120 seconds
[2022-01-04 02:05:45,442] {processor.py:163} INFO - Started process (PID=6371) to work on /Users/bhagvan.kommadi/OldDesk/apacheairflow/airflow-venv/lib/python3.8/site-packages/airflow/example_dags/example_skip_dag.py
[2022-01-04 02:05:45,443] {processor.py:642} INFO - Processing file /Users/bhagvan.kommadi/OldDesk/apacheairflow/airflow-venv/lib/python3.8/site-packages/airflow/example_dags/example_skip_dag.py for tasks to queue
[2022-01-04 02:05:45,444] {logging_mixin.py:109} INFO - [2022-01-04 02:05:45,444] {dagbag.py:500} INFO - Filling up the DagBag from /Users/bhagvan.kommadi/OldDesk/apacheairflow/airflow-venv/lib/python3.8/site-packages/airflow/example_dags/example_skip_dag.py
[2022-01-04 02:05:45,489] {processor.py:654} INFO - DAG(s) dict_keys(['example_skip_dag']) retrieved from /Users/bhagvan.kommadi/OldDesk/apacheairflow/airflow-venv/lib/python3.8/site-packages/airflow/example_dags/example_skip_dag.py
[2022-01-04 02:05:45,512] {logging_mixin.py:109} INFO - [2022-01-04 02:05:45,512] {dag.py:2396} INFO - Sync 1 DAGs
[2022-01-04 02:05:45,525] {logging_mixin.py:109} INFO - [2022-01-04 02:05:45,525] {dag.py:2935} INFO - Setting next_dagrun for example_skip_dag to 2022-01-02T20:35:45.524699+00:00
[2022-01-04 02:05:45,546] {processor.py:171} INFO - Processing /Users/bhagvan.kommadi/OldDesk/apacheairflow/airflow-venv/lib/python3.8/site-packages/airflow/example_dags/example_skip_dag.py took 0.105 seconds
[2022-01-04 02:07:28,231] {processor.py:163} INFO - Started process (PID=6477) to work on /Users/bhagvan.kommadi/OldDesk/apacheairflow/airflow-venv/lib/python3.8/site-packages/airflow/example_dags/example_skip_dag.py
[2022-01-04 02:07:28,233] {processor.py:642} INFO - Processing file /Users/bhagvan.kommadi/OldDesk/apacheairflow/airflow-venv/lib/python3.8/site-packages/airflow/example_dags/example_skip_dag.py for tasks to queue
[2022-01-04 02:07:28,234] {logging_mixin.py:109} INFO - [2022-01-04 02:07:28,234] {dagbag.py:500} INFO - Filling up the DagBag from /Users/bhagvan.kommadi/OldDesk/apacheairflow/airflow-venv/lib/python3.8/site-packages/airflow/example_dags/example_skip_dag.py
[2022-01-04 02:07:28,292] {processor.py:654} INFO - DAG(s) dict_keys(['example_skip_dag']) retrieved from /Users/bhagvan.kommadi/OldDesk/apacheairflow/airflow-venv/lib/python3.8/site-packages/airflow/example_dags/example_skip_dag.py
[2022-01-04 02:07:28,322] {logging_mixin.py:109} INFO - [2022-01-04 02:07:28,322] {dag.py:2396} INFO - Sync 1 DAGs
[2022-01-04 02:07:28,340] {logging_mixin.py:109} INFO - [2022-01-04 02:07:28,339] {dag.py:2935} INFO - Setting next_dagrun for example_skip_dag to 2022-01-02T20:37:28.339677+00:00
[2022-01-04 02:07:28,353] {processor.py:171} INFO - Processing /Users/bhagvan.kommadi/OldDesk/apacheairflow/airflow-venv/lib/python3.8/site-packages/airflow/example_dags/example_skip_dag.py took 0.122 seconds
