[2022-01-04 02:02:46,393] {processor.py:163} INFO - Started process (PID=6151) to work on /Users/bhagvan.kommadi/OldDesk/apacheairflow/airflow-venv/lib/python3.8/site-packages/airflow/example_dags/example_task_group.py
[2022-01-04 02:02:46,394] {processor.py:642} INFO - Processing file /Users/bhagvan.kommadi/OldDesk/apacheairflow/airflow-venv/lib/python3.8/site-packages/airflow/example_dags/example_task_group.py for tasks to queue
[2022-01-04 02:02:46,395] {logging_mixin.py:109} INFO - [2022-01-04 02:02:46,395] {dagbag.py:500} INFO - Filling up the DagBag from /Users/bhagvan.kommadi/OldDesk/apacheairflow/airflow-venv/lib/python3.8/site-packages/airflow/example_dags/example_task_group.py
[2022-01-04 02:02:46,468] {processor.py:654} INFO - DAG(s) dict_keys(['example_task_group']) retrieved from /Users/bhagvan.kommadi/OldDesk/apacheairflow/airflow-venv/lib/python3.8/site-packages/airflow/example_dags/example_task_group.py
[2022-01-04 02:02:46,499] {logging_mixin.py:109} INFO - [2022-01-04 02:02:46,499] {dag.py:2396} INFO - Sync 1 DAGs
[2022-01-04 02:02:46,519] {logging_mixin.py:109} INFO - [2022-01-04 02:02:46,519] {dag.py:2935} INFO - Setting next_dagrun for example_task_group to 2022-01-02T20:32:46.518981+00:00
[2022-01-04 02:02:46,531] {processor.py:171} INFO - Processing /Users/bhagvan.kommadi/OldDesk/apacheairflow/airflow-venv/lib/python3.8/site-packages/airflow/example_dags/example_task_group.py took 0.138 seconds
[2022-01-04 02:05:34,161] {processor.py:163} INFO - Started process (PID=6362) to work on /Users/bhagvan.kommadi/OldDesk/apacheairflow/airflow-venv/lib/python3.8/site-packages/airflow/example_dags/example_task_group.py
[2022-01-04 02:05:34,164] {processor.py:642} INFO - Processing file /Users/bhagvan.kommadi/OldDesk/apacheairflow/airflow-venv/lib/python3.8/site-packages/airflow/example_dags/example_task_group.py for tasks to queue
[2022-01-04 02:05:34,165] {logging_mixin.py:109} INFO - [2022-01-04 02:05:34,165] {dagbag.py:500} INFO - Filling up the DagBag from /Users/bhagvan.kommadi/OldDesk/apacheairflow/airflow-venv/lib/python3.8/site-packages/airflow/example_dags/example_task_group.py
[2022-01-04 02:05:34,223] {processor.py:654} INFO - DAG(s) dict_keys(['example_task_group']) retrieved from /Users/bhagvan.kommadi/OldDesk/apacheairflow/airflow-venv/lib/python3.8/site-packages/airflow/example_dags/example_task_group.py
[2022-01-04 02:05:34,250] {logging_mixin.py:109} INFO - [2022-01-04 02:05:34,249] {dag.py:2396} INFO - Sync 1 DAGs
[2022-01-04 02:05:34,263] {logging_mixin.py:109} INFO - [2022-01-04 02:05:34,262] {dag.py:2935} INFO - Setting next_dagrun for example_task_group to 2022-01-02T20:35:34.262732+00:00
[2022-01-04 02:05:34,273] {processor.py:171} INFO - Processing /Users/bhagvan.kommadi/OldDesk/apacheairflow/airflow-venv/lib/python3.8/site-packages/airflow/example_dags/example_task_group.py took 0.113 seconds
[2022-01-04 02:07:12,669] {processor.py:163} INFO - Started process (PID=6449) to work on /Users/bhagvan.kommadi/OldDesk/apacheairflow/airflow-venv/lib/python3.8/site-packages/airflow/example_dags/example_task_group.py
[2022-01-04 02:07:12,670] {processor.py:642} INFO - Processing file /Users/bhagvan.kommadi/OldDesk/apacheairflow/airflow-venv/lib/python3.8/site-packages/airflow/example_dags/example_task_group.py for tasks to queue
[2022-01-04 02:07:12,672] {logging_mixin.py:109} INFO - [2022-01-04 02:07:12,672] {dagbag.py:500} INFO - Filling up the DagBag from /Users/bhagvan.kommadi/OldDesk/apacheairflow/airflow-venv/lib/python3.8/site-packages/airflow/example_dags/example_task_group.py
[2022-01-04 02:07:12,950] {processor.py:654} INFO - DAG(s) dict_keys(['example_task_group']) retrieved from /Users/bhagvan.kommadi/OldDesk/apacheairflow/airflow-venv/lib/python3.8/site-packages/airflow/example_dags/example_task_group.py
[2022-01-04 02:07:13,107] {logging_mixin.py:109} INFO - [2022-01-04 02:07:13,107] {dag.py:2396} INFO - Sync 1 DAGs
[2022-01-04 02:07:13,176] {logging_mixin.py:109} INFO - [2022-01-04 02:07:13,176] {dag.py:2935} INFO - Setting next_dagrun for example_task_group to 2022-01-02T20:37:13.176059+00:00
[2022-01-04 02:07:13,207] {processor.py:171} INFO - Processing /Users/bhagvan.kommadi/OldDesk/apacheairflow/airflow-venv/lib/python3.8/site-packages/airflow/example_dags/example_task_group.py took 0.540 seconds
[2022-01-04 02:08:47,105] {processor.py:163} INFO - Started process (PID=6618) to work on /Users/bhagvan.kommadi/OldDesk/apacheairflow/airflow-venv/lib/python3.8/site-packages/airflow/example_dags/example_task_group.py
[2022-01-04 02:08:47,106] {processor.py:642} INFO - Processing file /Users/bhagvan.kommadi/OldDesk/apacheairflow/airflow-venv/lib/python3.8/site-packages/airflow/example_dags/example_task_group.py for tasks to queue
[2022-01-04 02:08:47,107] {logging_mixin.py:109} INFO - [2022-01-04 02:08:47,107] {dagbag.py:500} INFO - Filling up the DagBag from /Users/bhagvan.kommadi/OldDesk/apacheairflow/airflow-venv/lib/python3.8/site-packages/airflow/example_dags/example_task_group.py
[2022-01-04 02:08:47,165] {processor.py:654} INFO - DAG(s) dict_keys(['example_task_group']) retrieved from /Users/bhagvan.kommadi/OldDesk/apacheairflow/airflow-venv/lib/python3.8/site-packages/airflow/example_dags/example_task_group.py
[2022-01-04 02:08:47,193] {logging_mixin.py:109} INFO - [2022-01-04 02:08:47,193] {dag.py:2396} INFO - Sync 1 DAGs
[2022-01-04 02:08:47,207] {logging_mixin.py:109} INFO - [2022-01-04 02:08:47,207] {dag.py:2935} INFO - Setting next_dagrun for example_task_group to 2022-01-02T20:38:47.207506+00:00
[2022-01-04 02:08:47,217] {processor.py:171} INFO - Processing /Users/bhagvan.kommadi/OldDesk/apacheairflow/airflow-venv/lib/python3.8/site-packages/airflow/example_dags/example_task_group.py took 0.113 seconds
