[2022-01-04 02:03:34,211] {processor.py:163} INFO - Started process (PID=6221) to work on /Users/bhagvan.kommadi/OldDesk/apacheairflow/airflow-venv/lib/python3.8/site-packages/airflow/example_dags/example_latest_only.py
[2022-01-04 02:03:34,214] {processor.py:642} INFO - Processing file /Users/bhagvan.kommadi/OldDesk/apacheairflow/airflow-venv/lib/python3.8/site-packages/airflow/example_dags/example_latest_only.py for tasks to queue
[2022-01-04 02:03:34,218] {logging_mixin.py:109} INFO - [2022-01-04 02:03:34,217] {dagbag.py:500} INFO - Filling up the DagBag from /Users/bhagvan.kommadi/OldDesk/apacheairflow/airflow-venv/lib/python3.8/site-packages/airflow/example_dags/example_latest_only.py
[2022-01-04 02:03:34,438] {processor.py:654} INFO - DAG(s) dict_keys(['latest_only']) retrieved from /Users/bhagvan.kommadi/OldDesk/apacheairflow/airflow-venv/lib/python3.8/site-packages/airflow/example_dags/example_latest_only.py
[2022-01-04 02:03:34,601] {logging_mixin.py:109} INFO - [2022-01-04 02:03:34,600] {dag.py:2396} INFO - Sync 1 DAGs
[2022-01-04 02:03:34,698] {logging_mixin.py:109} INFO - [2022-01-04 02:03:34,690] {dag.py:2935} INFO - Setting next_dagrun for latest_only to 2022-01-03T16:33:34.689743+00:00
[2022-01-04 02:03:34,785] {processor.py:171} INFO - Processing /Users/bhagvan.kommadi/OldDesk/apacheairflow/airflow-venv/lib/python3.8/site-packages/airflow/example_dags/example_latest_only.py took 0.576 seconds
[2022-01-04 02:06:06,822] {processor.py:163} INFO - Started process (PID=6391) to work on /Users/bhagvan.kommadi/OldDesk/apacheairflow/airflow-venv/lib/python3.8/site-packages/airflow/example_dags/example_latest_only.py
[2022-01-04 02:06:06,823] {processor.py:642} INFO - Processing file /Users/bhagvan.kommadi/OldDesk/apacheairflow/airflow-venv/lib/python3.8/site-packages/airflow/example_dags/example_latest_only.py for tasks to queue
[2022-01-04 02:06:06,824] {logging_mixin.py:109} INFO - [2022-01-04 02:06:06,824] {dagbag.py:500} INFO - Filling up the DagBag from /Users/bhagvan.kommadi/OldDesk/apacheairflow/airflow-venv/lib/python3.8/site-packages/airflow/example_dags/example_latest_only.py
[2022-01-04 02:06:06,870] {processor.py:654} INFO - DAG(s) dict_keys(['latest_only']) retrieved from /Users/bhagvan.kommadi/OldDesk/apacheairflow/airflow-venv/lib/python3.8/site-packages/airflow/example_dags/example_latest_only.py
[2022-01-04 02:06:06,892] {logging_mixin.py:109} INFO - [2022-01-04 02:06:06,892] {dag.py:2396} INFO - Sync 1 DAGs
[2022-01-04 02:06:06,904] {logging_mixin.py:109} INFO - [2022-01-04 02:06:06,904] {dag.py:2935} INFO - Setting next_dagrun for latest_only to 2022-01-03T16:36:06.903966+00:00
[2022-01-04 02:06:06,914] {processor.py:171} INFO - Processing /Users/bhagvan.kommadi/OldDesk/apacheairflow/airflow-venv/lib/python3.8/site-packages/airflow/example_dags/example_latest_only.py took 0.093 seconds
[2022-01-04 02:09:13,031] {processor.py:163} INFO - Started process (PID=6665) to work on /Users/bhagvan.kommadi/OldDesk/apacheairflow/airflow-venv/lib/python3.8/site-packages/airflow/example_dags/example_latest_only.py
[2022-01-04 02:09:13,033] {processor.py:642} INFO - Processing file /Users/bhagvan.kommadi/OldDesk/apacheairflow/airflow-venv/lib/python3.8/site-packages/airflow/example_dags/example_latest_only.py for tasks to queue
[2022-01-04 02:09:13,033] {logging_mixin.py:109} INFO - [2022-01-04 02:09:13,033] {dagbag.py:500} INFO - Filling up the DagBag from /Users/bhagvan.kommadi/OldDesk/apacheairflow/airflow-venv/lib/python3.8/site-packages/airflow/example_dags/example_latest_only.py
[2022-01-04 02:09:13,090] {processor.py:654} INFO - DAG(s) dict_keys(['latest_only']) retrieved from /Users/bhagvan.kommadi/OldDesk/apacheairflow/airflow-venv/lib/python3.8/site-packages/airflow/example_dags/example_latest_only.py
[2022-01-04 02:09:13,117] {logging_mixin.py:109} INFO - [2022-01-04 02:09:13,116] {dag.py:2396} INFO - Sync 1 DAGs
[2022-01-04 02:09:13,129] {logging_mixin.py:109} INFO - [2022-01-04 02:09:13,128] {dag.py:2935} INFO - Setting next_dagrun for latest_only to 2022-01-03T16:39:13.128771+00:00
[2022-01-04 02:09:13,141] {processor.py:171} INFO - Processing /Users/bhagvan.kommadi/OldDesk/apacheairflow/airflow-venv/lib/python3.8/site-packages/airflow/example_dags/example_latest_only.py took 0.110 seconds
