[2022-01-04 02:02:34,422] {processor.py:163} INFO - Started process (PID=6141) to work on /Users/bhagvan.kommadi/OldDesk/apacheairflow/airflow-venv/lib/python3.8/site-packages/airflow/example_dags/example_trigger_controller_dag.py
[2022-01-04 02:02:34,423] {processor.py:642} INFO - Processing file /Users/bhagvan.kommadi/OldDesk/apacheairflow/airflow-venv/lib/python3.8/site-packages/airflow/example_dags/example_trigger_controller_dag.py for tasks to queue
[2022-01-04 02:02:34,423] {logging_mixin.py:109} INFO - [2022-01-04 02:02:34,423] {dagbag.py:500} INFO - Filling up the DagBag from /Users/bhagvan.kommadi/OldDesk/apacheairflow/airflow-venv/lib/python3.8/site-packages/airflow/example_dags/example_trigger_controller_dag.py
[2022-01-04 02:02:34,465] {processor.py:654} INFO - DAG(s) dict_keys(['example_trigger_controller_dag']) retrieved from /Users/bhagvan.kommadi/OldDesk/apacheairflow/airflow-venv/lib/python3.8/site-packages/airflow/example_dags/example_trigger_controller_dag.py
[2022-01-04 02:02:34,485] {logging_mixin.py:109} INFO - [2022-01-04 02:02:34,485] {dag.py:2396} INFO - Sync 1 DAGs
[2022-01-04 02:02:34,496] {logging_mixin.py:109} INFO - [2022-01-04 02:02:34,496] {dag.py:2935} INFO - Setting next_dagrun for example_trigger_controller_dag to 2021-01-01T00:00:00+00:00
[2022-01-04 02:02:34,506] {processor.py:171} INFO - Processing /Users/bhagvan.kommadi/OldDesk/apacheairflow/airflow-venv/lib/python3.8/site-packages/airflow/example_dags/example_trigger_controller_dag.py took 0.085 seconds
[2022-01-04 02:05:22,101] {processor.py:163} INFO - Started process (PID=6349) to work on /Users/bhagvan.kommadi/OldDesk/apacheairflow/airflow-venv/lib/python3.8/site-packages/airflow/example_dags/example_trigger_controller_dag.py
[2022-01-04 02:05:22,103] {processor.py:642} INFO - Processing file /Users/bhagvan.kommadi/OldDesk/apacheairflow/airflow-venv/lib/python3.8/site-packages/airflow/example_dags/example_trigger_controller_dag.py for tasks to queue
[2022-01-04 02:05:22,104] {logging_mixin.py:109} INFO - [2022-01-04 02:05:22,104] {dagbag.py:500} INFO - Filling up the DagBag from /Users/bhagvan.kommadi/OldDesk/apacheairflow/airflow-venv/lib/python3.8/site-packages/airflow/example_dags/example_trigger_controller_dag.py
[2022-01-04 02:05:22,172] {processor.py:654} INFO - DAG(s) dict_keys(['example_trigger_controller_dag']) retrieved from /Users/bhagvan.kommadi/OldDesk/apacheairflow/airflow-venv/lib/python3.8/site-packages/airflow/example_dags/example_trigger_controller_dag.py
[2022-01-04 02:05:22,194] {logging_mixin.py:109} INFO - [2022-01-04 02:05:22,194] {dag.py:2396} INFO - Sync 1 DAGs
[2022-01-04 02:05:22,205] {logging_mixin.py:109} INFO - [2022-01-04 02:05:22,205] {dag.py:2935} INFO - Setting next_dagrun for example_trigger_controller_dag to 2021-01-01T00:00:00+00:00
[2022-01-04 02:05:22,216] {processor.py:171} INFO - Processing /Users/bhagvan.kommadi/OldDesk/apacheairflow/airflow-venv/lib/python3.8/site-packages/airflow/example_dags/example_trigger_controller_dag.py took 0.115 seconds
[2022-01-04 02:07:00,627] {processor.py:163} INFO - Started process (PID=6439) to work on /Users/bhagvan.kommadi/OldDesk/apacheairflow/airflow-venv/lib/python3.8/site-packages/airflow/example_dags/example_trigger_controller_dag.py
[2022-01-04 02:07:00,629] {processor.py:642} INFO - Processing file /Users/bhagvan.kommadi/OldDesk/apacheairflow/airflow-venv/lib/python3.8/site-packages/airflow/example_dags/example_trigger_controller_dag.py for tasks to queue
[2022-01-04 02:07:00,630] {logging_mixin.py:109} INFO - [2022-01-04 02:07:00,630] {dagbag.py:500} INFO - Filling up the DagBag from /Users/bhagvan.kommadi/OldDesk/apacheairflow/airflow-venv/lib/python3.8/site-packages/airflow/example_dags/example_trigger_controller_dag.py
[2022-01-04 02:07:00,674] {processor.py:654} INFO - DAG(s) dict_keys(['example_trigger_controller_dag']) retrieved from /Users/bhagvan.kommadi/OldDesk/apacheairflow/airflow-venv/lib/python3.8/site-packages/airflow/example_dags/example_trigger_controller_dag.py
[2022-01-04 02:07:00,696] {logging_mixin.py:109} INFO - [2022-01-04 02:07:00,695] {dag.py:2396} INFO - Sync 1 DAGs
[2022-01-04 02:07:00,707] {logging_mixin.py:109} INFO - [2022-01-04 02:07:00,707] {dag.py:2935} INFO - Setting next_dagrun for example_trigger_controller_dag to 2021-01-01T00:00:00+00:00
[2022-01-04 02:07:00,718] {processor.py:171} INFO - Processing /Users/bhagvan.kommadi/OldDesk/apacheairflow/airflow-venv/lib/python3.8/site-packages/airflow/example_dags/example_trigger_controller_dag.py took 0.092 seconds
[2022-01-04 02:08:33,672] {processor.py:163} INFO - Started process (PID=6589) to work on /Users/bhagvan.kommadi/OldDesk/apacheairflow/airflow-venv/lib/python3.8/site-packages/airflow/example_dags/example_trigger_controller_dag.py
[2022-01-04 02:08:33,673] {processor.py:642} INFO - Processing file /Users/bhagvan.kommadi/OldDesk/apacheairflow/airflow-venv/lib/python3.8/site-packages/airflow/example_dags/example_trigger_controller_dag.py for tasks to queue
[2022-01-04 02:08:33,674] {logging_mixin.py:109} INFO - [2022-01-04 02:08:33,674] {dagbag.py:500} INFO - Filling up the DagBag from /Users/bhagvan.kommadi/OldDesk/apacheairflow/airflow-venv/lib/python3.8/site-packages/airflow/example_dags/example_trigger_controller_dag.py
[2022-01-04 02:08:33,714] {processor.py:654} INFO - DAG(s) dict_keys(['example_trigger_controller_dag']) retrieved from /Users/bhagvan.kommadi/OldDesk/apacheairflow/airflow-venv/lib/python3.8/site-packages/airflow/example_dags/example_trigger_controller_dag.py
[2022-01-04 02:08:33,738] {logging_mixin.py:109} INFO - [2022-01-04 02:08:33,737] {dag.py:2396} INFO - Sync 1 DAGs
[2022-01-04 02:08:33,748] {logging_mixin.py:109} INFO - [2022-01-04 02:08:33,748] {dag.py:2935} INFO - Setting next_dagrun for example_trigger_controller_dag to 2021-01-01T00:00:00+00:00
[2022-01-04 02:08:33,758] {processor.py:171} INFO - Processing /Users/bhagvan.kommadi/OldDesk/apacheairflow/airflow-venv/lib/python3.8/site-packages/airflow/example_dags/example_trigger_controller_dag.py took 0.087 seconds
