[2022-01-04 02:03:05,000] {processor.py:163} INFO - Started process (PID=6191) to work on /Users/bhagvan.kommadi/OldDesk/apacheairflow/airflow-venv/lib/python3.8/site-packages/airflow/example_dags/example_python_operator.py
[2022-01-04 02:03:05,007] {processor.py:642} INFO - Processing file /Users/bhagvan.kommadi/OldDesk/apacheairflow/airflow-venv/lib/python3.8/site-packages/airflow/example_dags/example_python_operator.py for tasks to queue
[2022-01-04 02:03:05,008] {logging_mixin.py:109} INFO - [2022-01-04 02:03:05,008] {dagbag.py:500} INFO - Filling up the DagBag from /Users/bhagvan.kommadi/OldDesk/apacheairflow/airflow-venv/lib/python3.8/site-packages/airflow/example_dags/example_python_operator.py
[2022-01-04 02:03:05,105] {processor.py:654} INFO - DAG(s) dict_keys(['example_python_operator']) retrieved from /Users/bhagvan.kommadi/OldDesk/apacheairflow/airflow-venv/lib/python3.8/site-packages/airflow/example_dags/example_python_operator.py
[2022-01-04 02:03:05,139] {logging_mixin.py:109} INFO - [2022-01-04 02:03:05,139] {dag.py:2396} INFO - Sync 1 DAGs
[2022-01-04 02:03:05,157] {logging_mixin.py:109} INFO - [2022-01-04 02:03:05,157] {dag.py:2935} INFO - Setting next_dagrun for example_python_operator to None
[2022-01-04 02:03:05,168] {processor.py:171} INFO - Processing /Users/bhagvan.kommadi/OldDesk/apacheairflow/airflow-venv/lib/python3.8/site-packages/airflow/example_dags/example_python_operator.py took 0.169 seconds
[2022-01-04 02:05:52,896] {processor.py:163} INFO - Started process (PID=6376) to work on /Users/bhagvan.kommadi/OldDesk/apacheairflow/airflow-venv/lib/python3.8/site-packages/airflow/example_dags/example_python_operator.py
[2022-01-04 02:05:52,897] {processor.py:642} INFO - Processing file /Users/bhagvan.kommadi/OldDesk/apacheairflow/airflow-venv/lib/python3.8/site-packages/airflow/example_dags/example_python_operator.py for tasks to queue
[2022-01-04 02:05:52,898] {logging_mixin.py:109} INFO - [2022-01-04 02:05:52,898] {dagbag.py:500} INFO - Filling up the DagBag from /Users/bhagvan.kommadi/OldDesk/apacheairflow/airflow-venv/lib/python3.8/site-packages/airflow/example_dags/example_python_operator.py
[2022-01-04 02:05:52,972] {processor.py:654} INFO - DAG(s) dict_keys(['example_python_operator']) retrieved from /Users/bhagvan.kommadi/OldDesk/apacheairflow/airflow-venv/lib/python3.8/site-packages/airflow/example_dags/example_python_operator.py
[2022-01-04 02:05:52,998] {logging_mixin.py:109} INFO - [2022-01-04 02:05:52,998] {dag.py:2396} INFO - Sync 1 DAGs
[2022-01-04 02:05:53,010] {logging_mixin.py:109} INFO - [2022-01-04 02:05:53,010] {dag.py:2935} INFO - Setting next_dagrun for example_python_operator to None
[2022-01-04 02:05:53,021] {processor.py:171} INFO - Processing /Users/bhagvan.kommadi/OldDesk/apacheairflow/airflow-venv/lib/python3.8/site-packages/airflow/example_dags/example_python_operator.py took 0.125 seconds
[2022-01-04 02:07:35,261] {processor.py:163} INFO - Started process (PID=6486) to work on /Users/bhagvan.kommadi/OldDesk/apacheairflow/airflow-venv/lib/python3.8/site-packages/airflow/example_dags/example_python_operator.py
[2022-01-04 02:07:35,262] {processor.py:642} INFO - Processing file /Users/bhagvan.kommadi/OldDesk/apacheairflow/airflow-venv/lib/python3.8/site-packages/airflow/example_dags/example_python_operator.py for tasks to queue
[2022-01-04 02:07:35,263] {logging_mixin.py:109} INFO - [2022-01-04 02:07:35,262] {dagbag.py:500} INFO - Filling up the DagBag from /Users/bhagvan.kommadi/OldDesk/apacheairflow/airflow-venv/lib/python3.8/site-packages/airflow/example_dags/example_python_operator.py
[2022-01-04 02:07:35,343] {processor.py:654} INFO - DAG(s) dict_keys(['example_python_operator']) retrieved from /Users/bhagvan.kommadi/OldDesk/apacheairflow/airflow-venv/lib/python3.8/site-packages/airflow/example_dags/example_python_operator.py
[2022-01-04 02:07:35,375] {logging_mixin.py:109} INFO - [2022-01-04 02:07:35,375] {dag.py:2396} INFO - Sync 1 DAGs
[2022-01-04 02:07:35,395] {logging_mixin.py:109} INFO - [2022-01-04 02:07:35,395] {dag.py:2935} INFO - Setting next_dagrun for example_python_operator to None
[2022-01-04 02:07:35,414] {processor.py:171} INFO - Processing /Users/bhagvan.kommadi/OldDesk/apacheairflow/airflow-venv/lib/python3.8/site-packages/airflow/example_dags/example_python_operator.py took 0.154 seconds
