[2022-01-04 02:02:22,663] {processor.py:163} INFO - Started process (PID=6131) to work on /Users/bhagvan.kommadi/OldDesk/apacheairflow/airflow-venv/lib/python3.8/site-packages/airflow/example_dags/example_xcomargs.py
[2022-01-04 02:02:22,664] {processor.py:642} INFO - Processing file /Users/bhagvan.kommadi/OldDesk/apacheairflow/airflow-venv/lib/python3.8/site-packages/airflow/example_dags/example_xcomargs.py for tasks to queue
[2022-01-04 02:02:22,665] {logging_mixin.py:109} INFO - [2022-01-04 02:02:22,665] {dagbag.py:500} INFO - Filling up the DagBag from /Users/bhagvan.kommadi/OldDesk/apacheairflow/airflow-venv/lib/python3.8/site-packages/airflow/example_dags/example_xcomargs.py
[2022-01-04 02:02:22,781] {processor.py:654} INFO - DAG(s) dict_keys(['example_xcom_args', 'example_xcom_args_with_operators']) retrieved from /Users/bhagvan.kommadi/OldDesk/apacheairflow/airflow-venv/lib/python3.8/site-packages/airflow/example_dags/example_xcomargs.py
[2022-01-04 02:02:23,364] {logging_mixin.py:109} INFO - [2022-01-04 02:02:23,364] {dag.py:2396} INFO - Sync 2 DAGs
[2022-01-04 02:02:23,376] {logging_mixin.py:109} INFO - [2022-01-04 02:02:23,376] {dag.py:2935} INFO - Setting next_dagrun for example_xcom_args to None
[2022-01-04 02:02:23,376] {logging_mixin.py:109} INFO - [2022-01-04 02:02:23,376] {dag.py:2935} INFO - Setting next_dagrun for example_xcom_args_with_operators to None
[2022-01-04 02:02:23,387] {processor.py:171} INFO - Processing /Users/bhagvan.kommadi/OldDesk/apacheairflow/airflow-venv/lib/python3.8/site-packages/airflow/example_dags/example_xcomargs.py took 0.724 seconds
[2022-01-04 02:05:07,870] {processor.py:163} INFO - Started process (PID=6329) to work on /Users/bhagvan.kommadi/OldDesk/apacheairflow/airflow-venv/lib/python3.8/site-packages/airflow/example_dags/example_xcomargs.py
[2022-01-04 02:05:07,871] {processor.py:642} INFO - Processing file /Users/bhagvan.kommadi/OldDesk/apacheairflow/airflow-venv/lib/python3.8/site-packages/airflow/example_dags/example_xcomargs.py for tasks to queue
[2022-01-04 02:05:07,872] {logging_mixin.py:109} INFO - [2022-01-04 02:05:07,872] {dagbag.py:500} INFO - Filling up the DagBag from /Users/bhagvan.kommadi/OldDesk/apacheairflow/airflow-venv/lib/python3.8/site-packages/airflow/example_dags/example_xcomargs.py
[2022-01-04 02:05:07,945] {processor.py:654} INFO - DAG(s) dict_keys(['example_xcom_args', 'example_xcom_args_with_operators']) retrieved from /Users/bhagvan.kommadi/OldDesk/apacheairflow/airflow-venv/lib/python3.8/site-packages/airflow/example_dags/example_xcomargs.py
[2022-01-04 02:05:08,781] {logging_mixin.py:109} INFO - [2022-01-04 02:05:08,781] {dag.py:2396} INFO - Sync 2 DAGs
[2022-01-04 02:05:08,801] {logging_mixin.py:109} INFO - [2022-01-04 02:05:08,801] {dag.py:2935} INFO - Setting next_dagrun for example_xcom_args to None
[2022-01-04 02:05:08,802] {logging_mixin.py:109} INFO - [2022-01-04 02:05:08,801] {dag.py:2935} INFO - Setting next_dagrun for example_xcom_args_with_operators to None
[2022-01-04 02:05:08,815] {processor.py:171} INFO - Processing /Users/bhagvan.kommadi/OldDesk/apacheairflow/airflow-venv/lib/python3.8/site-packages/airflow/example_dags/example_xcomargs.py took 0.946 seconds
[2022-01-04 02:06:50,058] {processor.py:163} INFO - Started process (PID=6431) to work on /Users/bhagvan.kommadi/OldDesk/apacheairflow/airflow-venv/lib/python3.8/site-packages/airflow/example_dags/example_xcomargs.py
[2022-01-04 02:06:50,059] {processor.py:642} INFO - Processing file /Users/bhagvan.kommadi/OldDesk/apacheairflow/airflow-venv/lib/python3.8/site-packages/airflow/example_dags/example_xcomargs.py for tasks to queue
[2022-01-04 02:06:50,061] {logging_mixin.py:109} INFO - [2022-01-04 02:06:50,061] {dagbag.py:500} INFO - Filling up the DagBag from /Users/bhagvan.kommadi/OldDesk/apacheairflow/airflow-venv/lib/python3.8/site-packages/airflow/example_dags/example_xcomargs.py
[2022-01-04 02:06:50,134] {processor.py:654} INFO - DAG(s) dict_keys(['example_xcom_args', 'example_xcom_args_with_operators']) retrieved from /Users/bhagvan.kommadi/OldDesk/apacheairflow/airflow-venv/lib/python3.8/site-packages/airflow/example_dags/example_xcomargs.py
[2022-01-04 02:06:50,700] {logging_mixin.py:109} INFO - [2022-01-04 02:06:50,700] {dag.py:2396} INFO - Sync 2 DAGs
[2022-01-04 02:06:50,712] {logging_mixin.py:109} INFO - [2022-01-04 02:06:50,712] {dag.py:2935} INFO - Setting next_dagrun for example_xcom_args to None
[2022-01-04 02:06:50,713] {logging_mixin.py:109} INFO - [2022-01-04 02:06:50,713] {dag.py:2935} INFO - Setting next_dagrun for example_xcom_args_with_operators to None
[2022-01-04 02:06:50,724] {processor.py:171} INFO - Processing /Users/bhagvan.kommadi/OldDesk/apacheairflow/airflow-venv/lib/python3.8/site-packages/airflow/example_dags/example_xcomargs.py took 0.667 seconds
[2022-01-04 02:08:21,850] {processor.py:163} INFO - Started process (PID=6562) to work on /Users/bhagvan.kommadi/OldDesk/apacheairflow/airflow-venv/lib/python3.8/site-packages/airflow/example_dags/example_xcomargs.py
[2022-01-04 02:08:21,852] {processor.py:642} INFO - Processing file /Users/bhagvan.kommadi/OldDesk/apacheairflow/airflow-venv/lib/python3.8/site-packages/airflow/example_dags/example_xcomargs.py for tasks to queue
[2022-01-04 02:08:21,853] {logging_mixin.py:109} INFO - [2022-01-04 02:08:21,853] {dagbag.py:500} INFO - Filling up the DagBag from /Users/bhagvan.kommadi/OldDesk/apacheairflow/airflow-venv/lib/python3.8/site-packages/airflow/example_dags/example_xcomargs.py
[2022-01-04 02:08:21,926] {processor.py:654} INFO - DAG(s) dict_keys(['example_xcom_args', 'example_xcom_args_with_operators']) retrieved from /Users/bhagvan.kommadi/OldDesk/apacheairflow/airflow-venv/lib/python3.8/site-packages/airflow/example_dags/example_xcomargs.py
[2022-01-04 02:08:22,466] {logging_mixin.py:109} INFO - [2022-01-04 02:08:22,466] {dag.py:2396} INFO - Sync 2 DAGs
[2022-01-04 02:08:22,486] {logging_mixin.py:109} INFO - [2022-01-04 02:08:22,486] {dag.py:2935} INFO - Setting next_dagrun for example_xcom_args to None
[2022-01-04 02:08:22,487] {logging_mixin.py:109} INFO - [2022-01-04 02:08:22,486] {dag.py:2935} INFO - Setting next_dagrun for example_xcom_args_with_operators to None
[2022-01-04 02:08:22,516] {processor.py:171} INFO - Processing /Users/bhagvan.kommadi/OldDesk/apacheairflow/airflow-venv/lib/python3.8/site-packages/airflow/example_dags/example_xcomargs.py took 0.666 seconds
