[2022-01-04 02:02:26,848] {processor.py:163} INFO - Started process (PID=6135) to work on /Users/bhagvan.kommadi/OldDesk/apacheairflow/airflow-venv/lib/python3.8/site-packages/airflow/example_dags/example_xcom.py
[2022-01-04 02:02:26,848] {processor.py:642} INFO - Processing file /Users/bhagvan.kommadi/OldDesk/apacheairflow/airflow-venv/lib/python3.8/site-packages/airflow/example_dags/example_xcom.py for tasks to queue
[2022-01-04 02:02:26,849] {logging_mixin.py:109} INFO - [2022-01-04 02:02:26,849] {dagbag.py:500} INFO - Filling up the DagBag from /Users/bhagvan.kommadi/OldDesk/apacheairflow/airflow-venv/lib/python3.8/site-packages/airflow/example_dags/example_xcom.py
[2022-01-04 02:02:26,930] {processor.py:654} INFO - DAG(s) dict_keys(['example_xcom']) retrieved from /Users/bhagvan.kommadi/OldDesk/apacheairflow/airflow-venv/lib/python3.8/site-packages/airflow/example_dags/example_xcom.py
[2022-01-04 02:02:27,290] {logging_mixin.py:109} INFO - [2022-01-04 02:02:27,289] {dag.py:2396} INFO - Sync 1 DAGs
[2022-01-04 02:02:27,304] {logging_mixin.py:109} INFO - [2022-01-04 02:02:27,304] {dag.py:2935} INFO - Setting next_dagrun for example_xcom to 2021-01-01T00:00:00+00:00
[2022-01-04 02:02:27,315] {processor.py:171} INFO - Processing /Users/bhagvan.kommadi/OldDesk/apacheairflow/airflow-venv/lib/python3.8/site-packages/airflow/example_dags/example_xcom.py took 0.468 seconds
[2022-01-04 02:05:13,854] {processor.py:163} INFO - Started process (PID=6337) to work on /Users/bhagvan.kommadi/OldDesk/apacheairflow/airflow-venv/lib/python3.8/site-packages/airflow/example_dags/example_xcom.py
[2022-01-04 02:05:13,855] {processor.py:642} INFO - Processing file /Users/bhagvan.kommadi/OldDesk/apacheairflow/airflow-venv/lib/python3.8/site-packages/airflow/example_dags/example_xcom.py for tasks to queue
[2022-01-04 02:05:13,856] {logging_mixin.py:109} INFO - [2022-01-04 02:05:13,856] {dagbag.py:500} INFO - Filling up the DagBag from /Users/bhagvan.kommadi/OldDesk/apacheairflow/airflow-venv/lib/python3.8/site-packages/airflow/example_dags/example_xcom.py
[2022-01-04 02:05:13,954] {processor.py:654} INFO - DAG(s) dict_keys(['example_xcom']) retrieved from /Users/bhagvan.kommadi/OldDesk/apacheairflow/airflow-venv/lib/python3.8/site-packages/airflow/example_dags/example_xcom.py
[2022-01-04 02:05:14,385] {logging_mixin.py:109} INFO - [2022-01-04 02:05:14,384] {dag.py:2396} INFO - Sync 1 DAGs
[2022-01-04 02:05:14,399] {logging_mixin.py:109} INFO - [2022-01-04 02:05:14,398] {dag.py:2935} INFO - Setting next_dagrun for example_xcom to 2021-01-01T00:00:00+00:00
[2022-01-04 02:05:14,411] {processor.py:171} INFO - Processing /Users/bhagvan.kommadi/OldDesk/apacheairflow/airflow-venv/lib/python3.8/site-packages/airflow/example_dags/example_xcom.py took 0.558 seconds
[2022-01-04 02:06:53,662] {processor.py:163} INFO - Started process (PID=6434) to work on /Users/bhagvan.kommadi/OldDesk/apacheairflow/airflow-venv/lib/python3.8/site-packages/airflow/example_dags/example_xcom.py
[2022-01-04 02:06:53,671] {processor.py:642} INFO - Processing file /Users/bhagvan.kommadi/OldDesk/apacheairflow/airflow-venv/lib/python3.8/site-packages/airflow/example_dags/example_xcom.py for tasks to queue
[2022-01-04 02:06:53,672] {logging_mixin.py:109} INFO - [2022-01-04 02:06:53,672] {dagbag.py:500} INFO - Filling up the DagBag from /Users/bhagvan.kommadi/OldDesk/apacheairflow/airflow-venv/lib/python3.8/site-packages/airflow/example_dags/example_xcom.py
[2022-01-04 02:06:53,753] {processor.py:654} INFO - DAG(s) dict_keys(['example_xcom']) retrieved from /Users/bhagvan.kommadi/OldDesk/apacheairflow/airflow-venv/lib/python3.8/site-packages/airflow/example_dags/example_xcom.py
[2022-01-04 02:06:54,078] {logging_mixin.py:109} INFO - [2022-01-04 02:06:54,077] {dag.py:2396} INFO - Sync 1 DAGs
[2022-01-04 02:06:54,094] {logging_mixin.py:109} INFO - [2022-01-04 02:06:54,094] {dag.py:2935} INFO - Setting next_dagrun for example_xcom to 2021-01-01T00:00:00+00:00
[2022-01-04 02:06:54,111] {processor.py:171} INFO - Processing /Users/bhagvan.kommadi/OldDesk/apacheairflow/airflow-venv/lib/python3.8/site-packages/airflow/example_dags/example_xcom.py took 0.451 seconds
[2022-01-04 02:08:25,882] {processor.py:163} INFO - Started process (PID=6572) to work on /Users/bhagvan.kommadi/OldDesk/apacheairflow/airflow-venv/lib/python3.8/site-packages/airflow/example_dags/example_xcom.py
[2022-01-04 02:08:25,883] {processor.py:642} INFO - Processing file /Users/bhagvan.kommadi/OldDesk/apacheairflow/airflow-venv/lib/python3.8/site-packages/airflow/example_dags/example_xcom.py for tasks to queue
[2022-01-04 02:08:25,884] {logging_mixin.py:109} INFO - [2022-01-04 02:08:25,884] {dagbag.py:500} INFO - Filling up the DagBag from /Users/bhagvan.kommadi/OldDesk/apacheairflow/airflow-venv/lib/python3.8/site-packages/airflow/example_dags/example_xcom.py
[2022-01-04 02:08:26,136] {processor.py:654} INFO - DAG(s) dict_keys(['example_xcom']) retrieved from /Users/bhagvan.kommadi/OldDesk/apacheairflow/airflow-venv/lib/python3.8/site-packages/airflow/example_dags/example_xcom.py
[2022-01-04 02:08:26,995] {logging_mixin.py:109} INFO - [2022-01-04 02:08:26,995] {dag.py:2396} INFO - Sync 1 DAGs
[2022-01-04 02:08:27,018] {logging_mixin.py:109} INFO - [2022-01-04 02:08:27,017] {dag.py:2935} INFO - Setting next_dagrun for example_xcom to 2021-01-01T00:00:00+00:00
[2022-01-04 02:08:27,044] {processor.py:171} INFO - Processing /Users/bhagvan.kommadi/OldDesk/apacheairflow/airflow-venv/lib/python3.8/site-packages/airflow/example_dags/example_xcom.py took 1.164 seconds
