[2022-01-04 02:03:01,542] {processor.py:163} INFO - Started process (PID=6186) to work on /Users/bhagvan.kommadi/OldDesk/apacheairflow/airflow-venv/lib/python3.8/site-packages/airflow/example_dags/example_short_circuit_operator.py
[2022-01-04 02:03:01,542] {processor.py:642} INFO - Processing file /Users/bhagvan.kommadi/OldDesk/apacheairflow/airflow-venv/lib/python3.8/site-packages/airflow/example_dags/example_short_circuit_operator.py for tasks to queue
[2022-01-04 02:03:01,543] {logging_mixin.py:109} INFO - [2022-01-04 02:03:01,543] {dagbag.py:500} INFO - Filling up the DagBag from /Users/bhagvan.kommadi/OldDesk/apacheairflow/airflow-venv/lib/python3.8/site-packages/airflow/example_dags/example_short_circuit_operator.py
[2022-01-04 02:03:01,605] {processor.py:654} INFO - DAG(s) dict_keys(['example_short_circuit_operator']) retrieved from /Users/bhagvan.kommadi/OldDesk/apacheairflow/airflow-venv/lib/python3.8/site-packages/airflow/example_dags/example_short_circuit_operator.py
[2022-01-04 02:03:01,629] {logging_mixin.py:109} INFO - [2022-01-04 02:03:01,629] {dag.py:2396} INFO - Sync 1 DAGs
[2022-01-04 02:03:01,644] {logging_mixin.py:109} INFO - [2022-01-04 02:03:01,644] {dag.py:2935} INFO - Setting next_dagrun for example_short_circuit_operator to 2022-01-02T20:33:01.644117+00:00
[2022-01-04 02:03:01,654] {processor.py:171} INFO - Processing /Users/bhagvan.kommadi/OldDesk/apacheairflow/airflow-venv/lib/python3.8/site-packages/airflow/example_dags/example_short_circuit_operator.py took 0.113 seconds
[2022-01-04 02:05:49,279] {processor.py:163} INFO - Started process (PID=6373) to work on /Users/bhagvan.kommadi/OldDesk/apacheairflow/airflow-venv/lib/python3.8/site-packages/airflow/example_dags/example_short_circuit_operator.py
[2022-01-04 02:05:49,279] {processor.py:642} INFO - Processing file /Users/bhagvan.kommadi/OldDesk/apacheairflow/airflow-venv/lib/python3.8/site-packages/airflow/example_dags/example_short_circuit_operator.py for tasks to queue
[2022-01-04 02:05:49,280] {logging_mixin.py:109} INFO - [2022-01-04 02:05:49,280] {dagbag.py:500} INFO - Filling up the DagBag from /Users/bhagvan.kommadi/OldDesk/apacheairflow/airflow-venv/lib/python3.8/site-packages/airflow/example_dags/example_short_circuit_operator.py
[2022-01-04 02:05:49,368] {processor.py:654} INFO - DAG(s) dict_keys(['example_short_circuit_operator']) retrieved from /Users/bhagvan.kommadi/OldDesk/apacheairflow/airflow-venv/lib/python3.8/site-packages/airflow/example_dags/example_short_circuit_operator.py
[2022-01-04 02:05:49,398] {logging_mixin.py:109} INFO - [2022-01-04 02:05:49,397] {dag.py:2396} INFO - Sync 1 DAGs
[2022-01-04 02:05:49,412] {logging_mixin.py:109} INFO - [2022-01-04 02:05:49,412] {dag.py:2935} INFO - Setting next_dagrun for example_short_circuit_operator to 2022-01-02T20:35:49.412052+00:00
[2022-01-04 02:05:49,423] {processor.py:171} INFO - Processing /Users/bhagvan.kommadi/OldDesk/apacheairflow/airflow-venv/lib/python3.8/site-packages/airflow/example_dags/example_short_circuit_operator.py took 0.146 seconds
[2022-01-04 02:07:31,249] {processor.py:163} INFO - Started process (PID=6482) to work on /Users/bhagvan.kommadi/OldDesk/apacheairflow/airflow-venv/lib/python3.8/site-packages/airflow/example_dags/example_short_circuit_operator.py
[2022-01-04 02:07:31,251] {processor.py:642} INFO - Processing file /Users/bhagvan.kommadi/OldDesk/apacheairflow/airflow-venv/lib/python3.8/site-packages/airflow/example_dags/example_short_circuit_operator.py for tasks to queue
[2022-01-04 02:07:31,251] {logging_mixin.py:109} INFO - [2022-01-04 02:07:31,251] {dagbag.py:500} INFO - Filling up the DagBag from /Users/bhagvan.kommadi/OldDesk/apacheairflow/airflow-venv/lib/python3.8/site-packages/airflow/example_dags/example_short_circuit_operator.py
[2022-01-04 02:07:31,330] {processor.py:654} INFO - DAG(s) dict_keys(['example_short_circuit_operator']) retrieved from /Users/bhagvan.kommadi/OldDesk/apacheairflow/airflow-venv/lib/python3.8/site-packages/airflow/example_dags/example_short_circuit_operator.py
[2022-01-04 02:07:31,366] {logging_mixin.py:109} INFO - [2022-01-04 02:07:31,366] {dag.py:2396} INFO - Sync 1 DAGs
[2022-01-04 02:07:31,378] {logging_mixin.py:109} INFO - [2022-01-04 02:07:31,378] {dag.py:2935} INFO - Setting next_dagrun for example_short_circuit_operator to 2022-01-02T20:37:31.378100+00:00
[2022-01-04 02:07:31,388] {processor.py:171} INFO - Processing /Users/bhagvan.kommadi/OldDesk/apacheairflow/airflow-venv/lib/python3.8/site-packages/airflow/example_dags/example_short_circuit_operator.py took 0.140 seconds
