[2022-01-04 02:02:31,619] {processor.py:163} INFO - Started process (PID=6138) to work on /Users/bhagvan.kommadi/OldDesk/apacheairflow/airflow-venv/lib/python3.8/site-packages/airflow/example_dags/example_trigger_target_dag.py
[2022-01-04 02:02:31,619] {processor.py:642} INFO - Processing file /Users/bhagvan.kommadi/OldDesk/apacheairflow/airflow-venv/lib/python3.8/site-packages/airflow/example_dags/example_trigger_target_dag.py for tasks to queue
[2022-01-04 02:02:31,620] {logging_mixin.py:109} INFO - [2022-01-04 02:02:31,620] {dagbag.py:500} INFO - Filling up the DagBag from /Users/bhagvan.kommadi/OldDesk/apacheairflow/airflow-venv/lib/python3.8/site-packages/airflow/example_dags/example_trigger_target_dag.py
[2022-01-04 02:02:31,701] {processor.py:654} INFO - DAG(s) dict_keys(['example_trigger_target_dag']) retrieved from /Users/bhagvan.kommadi/OldDesk/apacheairflow/airflow-venv/lib/python3.8/site-packages/airflow/example_dags/example_trigger_target_dag.py
[2022-01-04 02:02:31,726] {logging_mixin.py:109} INFO - [2022-01-04 02:02:31,726] {dag.py:2396} INFO - Sync 1 DAGs
[2022-01-04 02:02:31,741] {logging_mixin.py:109} INFO - [2022-01-04 02:02:31,741] {dag.py:2935} INFO - Setting next_dagrun for example_trigger_target_dag to None
[2022-01-04 02:02:31,755] {processor.py:171} INFO - Processing /Users/bhagvan.kommadi/OldDesk/apacheairflow/airflow-venv/lib/python3.8/site-packages/airflow/example_dags/example_trigger_target_dag.py took 0.137 seconds
[2022-01-04 02:05:19,220] {processor.py:163} INFO - Started process (PID=6345) to work on /Users/bhagvan.kommadi/OldDesk/apacheairflow/airflow-venv/lib/python3.8/site-packages/airflow/example_dags/example_trigger_target_dag.py
[2022-01-04 02:05:19,229] {processor.py:642} INFO - Processing file /Users/bhagvan.kommadi/OldDesk/apacheairflow/airflow-venv/lib/python3.8/site-packages/airflow/example_dags/example_trigger_target_dag.py for tasks to queue
[2022-01-04 02:05:19,230] {logging_mixin.py:109} INFO - [2022-01-04 02:05:19,230] {dagbag.py:500} INFO - Filling up the DagBag from /Users/bhagvan.kommadi/OldDesk/apacheairflow/airflow-venv/lib/python3.8/site-packages/airflow/example_dags/example_trigger_target_dag.py
[2022-01-04 02:05:19,297] {processor.py:654} INFO - DAG(s) dict_keys(['example_trigger_target_dag']) retrieved from /Users/bhagvan.kommadi/OldDesk/apacheairflow/airflow-venv/lib/python3.8/site-packages/airflow/example_dags/example_trigger_target_dag.py
[2022-01-04 02:05:19,319] {logging_mixin.py:109} INFO - [2022-01-04 02:05:19,318] {dag.py:2396} INFO - Sync 1 DAGs
[2022-01-04 02:05:19,331] {logging_mixin.py:109} INFO - [2022-01-04 02:05:19,331] {dag.py:2935} INFO - Setting next_dagrun for example_trigger_target_dag to None
[2022-01-04 02:05:19,343] {processor.py:171} INFO - Processing /Users/bhagvan.kommadi/OldDesk/apacheairflow/airflow-venv/lib/python3.8/site-packages/airflow/example_dags/example_trigger_target_dag.py took 0.124 seconds
[2022-01-04 02:06:57,364] {processor.py:163} INFO - Started process (PID=6437) to work on /Users/bhagvan.kommadi/OldDesk/apacheairflow/airflow-venv/lib/python3.8/site-packages/airflow/example_dags/example_trigger_target_dag.py
[2022-01-04 02:06:57,365] {processor.py:642} INFO - Processing file /Users/bhagvan.kommadi/OldDesk/apacheairflow/airflow-venv/lib/python3.8/site-packages/airflow/example_dags/example_trigger_target_dag.py for tasks to queue
[2022-01-04 02:06:57,366] {logging_mixin.py:109} INFO - [2022-01-04 02:06:57,366] {dagbag.py:500} INFO - Filling up the DagBag from /Users/bhagvan.kommadi/OldDesk/apacheairflow/airflow-venv/lib/python3.8/site-packages/airflow/example_dags/example_trigger_target_dag.py
[2022-01-04 02:06:57,437] {processor.py:654} INFO - DAG(s) dict_keys(['example_trigger_target_dag']) retrieved from /Users/bhagvan.kommadi/OldDesk/apacheairflow/airflow-venv/lib/python3.8/site-packages/airflow/example_dags/example_trigger_target_dag.py
[2022-01-04 02:06:57,463] {logging_mixin.py:109} INFO - [2022-01-04 02:06:57,463] {dag.py:2396} INFO - Sync 1 DAGs
[2022-01-04 02:06:57,474] {logging_mixin.py:109} INFO - [2022-01-04 02:06:57,474] {dag.py:2935} INFO - Setting next_dagrun for example_trigger_target_dag to None
[2022-01-04 02:06:57,484] {processor.py:171} INFO - Processing /Users/bhagvan.kommadi/OldDesk/apacheairflow/airflow-venv/lib/python3.8/site-packages/airflow/example_dags/example_trigger_target_dag.py took 0.121 seconds
[2022-01-04 02:08:30,484] {processor.py:163} INFO - Started process (PID=6581) to work on /Users/bhagvan.kommadi/OldDesk/apacheairflow/airflow-venv/lib/python3.8/site-packages/airflow/example_dags/example_trigger_target_dag.py
[2022-01-04 02:08:30,485] {processor.py:642} INFO - Processing file /Users/bhagvan.kommadi/OldDesk/apacheairflow/airflow-venv/lib/python3.8/site-packages/airflow/example_dags/example_trigger_target_dag.py for tasks to queue
[2022-01-04 02:08:30,486] {logging_mixin.py:109} INFO - [2022-01-04 02:08:30,486] {dagbag.py:500} INFO - Filling up the DagBag from /Users/bhagvan.kommadi/OldDesk/apacheairflow/airflow-venv/lib/python3.8/site-packages/airflow/example_dags/example_trigger_target_dag.py
[2022-01-04 02:08:30,548] {processor.py:654} INFO - DAG(s) dict_keys(['example_trigger_target_dag']) retrieved from /Users/bhagvan.kommadi/OldDesk/apacheairflow/airflow-venv/lib/python3.8/site-packages/airflow/example_dags/example_trigger_target_dag.py
[2022-01-04 02:08:30,572] {logging_mixin.py:109} INFO - [2022-01-04 02:08:30,571] {dag.py:2396} INFO - Sync 1 DAGs
[2022-01-04 02:08:30,583] {logging_mixin.py:109} INFO - [2022-01-04 02:08:30,583] {dag.py:2935} INFO - Setting next_dagrun for example_trigger_target_dag to None
[2022-01-04 02:08:30,593] {processor.py:171} INFO - Processing /Users/bhagvan.kommadi/OldDesk/apacheairflow/airflow-venv/lib/python3.8/site-packages/airflow/example_dags/example_trigger_target_dag.py took 0.109 seconds
