[2022-01-04 02:02:42,515] {processor.py:163} INFO - Started process (PID=6147) to work on /Users/bhagvan.kommadi/OldDesk/apacheairflow/airflow-venv/lib/python3.8/site-packages/airflow/example_dags/example_task_group_decorator.py
[2022-01-04 02:02:42,516] {processor.py:642} INFO - Processing file /Users/bhagvan.kommadi/OldDesk/apacheairflow/airflow-venv/lib/python3.8/site-packages/airflow/example_dags/example_task_group_decorator.py for tasks to queue
[2022-01-04 02:02:42,517] {logging_mixin.py:109} INFO - [2022-01-04 02:02:42,517] {dagbag.py:500} INFO - Filling up the DagBag from /Users/bhagvan.kommadi/OldDesk/apacheairflow/airflow-venv/lib/python3.8/site-packages/airflow/example_dags/example_task_group_decorator.py
[2022-01-04 02:02:42,597] {processor.py:654} INFO - DAG(s) dict_keys(['example_task_group_decorator']) retrieved from /Users/bhagvan.kommadi/OldDesk/apacheairflow/airflow-venv/lib/python3.8/site-packages/airflow/example_dags/example_task_group_decorator.py
[2022-01-04 02:02:43,058] {logging_mixin.py:109} INFO - [2022-01-04 02:02:43,058] {dag.py:2396} INFO - Sync 1 DAGs
[2022-01-04 02:02:43,071] {logging_mixin.py:109} INFO - [2022-01-04 02:02:43,071] {dag.py:2935} INFO - Setting next_dagrun for example_task_group_decorator to 2022-01-02T20:32:43.071252+00:00
[2022-01-04 02:02:43,083] {processor.py:171} INFO - Processing /Users/bhagvan.kommadi/OldDesk/apacheairflow/airflow-venv/lib/python3.8/site-packages/airflow/example_dags/example_task_group_decorator.py took 0.568 seconds
[2022-01-04 02:05:29,148] {processor.py:163} INFO - Started process (PID=6360) to work on /Users/bhagvan.kommadi/OldDesk/apacheairflow/airflow-venv/lib/python3.8/site-packages/airflow/example_dags/example_task_group_decorator.py
[2022-01-04 02:05:29,149] {processor.py:642} INFO - Processing file /Users/bhagvan.kommadi/OldDesk/apacheairflow/airflow-venv/lib/python3.8/site-packages/airflow/example_dags/example_task_group_decorator.py for tasks to queue
[2022-01-04 02:05:29,150] {logging_mixin.py:109} INFO - [2022-01-04 02:05:29,150] {dagbag.py:500} INFO - Filling up the DagBag from /Users/bhagvan.kommadi/OldDesk/apacheairflow/airflow-venv/lib/python3.8/site-packages/airflow/example_dags/example_task_group_decorator.py
[2022-01-04 02:05:29,241] {processor.py:654} INFO - DAG(s) dict_keys(['example_task_group_decorator']) retrieved from /Users/bhagvan.kommadi/OldDesk/apacheairflow/airflow-venv/lib/python3.8/site-packages/airflow/example_dags/example_task_group_decorator.py
[2022-01-04 02:05:29,832] {logging_mixin.py:109} INFO - [2022-01-04 02:05:29,832] {dag.py:2396} INFO - Sync 1 DAGs
[2022-01-04 02:05:29,844] {logging_mixin.py:109} INFO - [2022-01-04 02:05:29,844] {dag.py:2935} INFO - Setting next_dagrun for example_task_group_decorator to 2022-01-02T20:35:29.844176+00:00
[2022-01-04 02:05:29,856] {processor.py:171} INFO - Processing /Users/bhagvan.kommadi/OldDesk/apacheairflow/airflow-venv/lib/python3.8/site-packages/airflow/example_dags/example_task_group_decorator.py took 0.709 seconds
[2022-01-04 02:07:08,225] {processor.py:163} INFO - Started process (PID=6445) to work on /Users/bhagvan.kommadi/OldDesk/apacheairflow/airflow-venv/lib/python3.8/site-packages/airflow/example_dags/example_task_group_decorator.py
[2022-01-04 02:07:08,226] {processor.py:642} INFO - Processing file /Users/bhagvan.kommadi/OldDesk/apacheairflow/airflow-venv/lib/python3.8/site-packages/airflow/example_dags/example_task_group_decorator.py for tasks to queue
[2022-01-04 02:07:08,227] {logging_mixin.py:109} INFO - [2022-01-04 02:07:08,227] {dagbag.py:500} INFO - Filling up the DagBag from /Users/bhagvan.kommadi/OldDesk/apacheairflow/airflow-venv/lib/python3.8/site-packages/airflow/example_dags/example_task_group_decorator.py
[2022-01-04 02:07:08,356] {processor.py:654} INFO - DAG(s) dict_keys(['example_task_group_decorator']) retrieved from /Users/bhagvan.kommadi/OldDesk/apacheairflow/airflow-venv/lib/python3.8/site-packages/airflow/example_dags/example_task_group_decorator.py
[2022-01-04 02:07:08,955] {logging_mixin.py:109} INFO - [2022-01-04 02:07:08,955] {dag.py:2396} INFO - Sync 1 DAGs
[2022-01-04 02:07:08,973] {logging_mixin.py:109} INFO - [2022-01-04 02:07:08,972] {dag.py:2935} INFO - Setting next_dagrun for example_task_group_decorator to 2022-01-02T20:37:08.972555+00:00
[2022-01-04 02:07:08,990] {processor.py:171} INFO - Processing /Users/bhagvan.kommadi/OldDesk/apacheairflow/airflow-venv/lib/python3.8/site-packages/airflow/example_dags/example_task_group_decorator.py took 0.767 seconds
[2022-01-04 02:08:42,145] {processor.py:163} INFO - Started process (PID=6614) to work on /Users/bhagvan.kommadi/OldDesk/apacheairflow/airflow-venv/lib/python3.8/site-packages/airflow/example_dags/example_task_group_decorator.py
[2022-01-04 02:08:42,151] {processor.py:642} INFO - Processing file /Users/bhagvan.kommadi/OldDesk/apacheairflow/airflow-venv/lib/python3.8/site-packages/airflow/example_dags/example_task_group_decorator.py for tasks to queue
[2022-01-04 02:08:42,161] {logging_mixin.py:109} INFO - [2022-01-04 02:08:42,161] {dagbag.py:500} INFO - Filling up the DagBag from /Users/bhagvan.kommadi/OldDesk/apacheairflow/airflow-venv/lib/python3.8/site-packages/airflow/example_dags/example_task_group_decorator.py
[2022-01-04 02:08:42,379] {processor.py:654} INFO - DAG(s) dict_keys(['example_task_group_decorator']) retrieved from /Users/bhagvan.kommadi/OldDesk/apacheairflow/airflow-venv/lib/python3.8/site-packages/airflow/example_dags/example_task_group_decorator.py
[2022-01-04 02:08:43,113] {logging_mixin.py:109} INFO - [2022-01-04 02:08:43,113] {dag.py:2396} INFO - Sync 1 DAGs
[2022-01-04 02:08:43,138] {logging_mixin.py:109} INFO - [2022-01-04 02:08:43,138] {dag.py:2935} INFO - Setting next_dagrun for example_task_group_decorator to 2022-01-02T20:38:43.137944+00:00
[2022-01-04 02:08:43,161] {processor.py:171} INFO - Processing /Users/bhagvan.kommadi/OldDesk/apacheairflow/airflow-venv/lib/python3.8/site-packages/airflow/example_dags/example_task_group_decorator.py took 1.017 seconds
