[2022-01-04 02:02:38,275] {processor.py:163} INFO - Started process (PID=6143) to work on /Users/bhagvan.kommadi/OldDesk/apacheairflow/airflow-venv/lib/python3.8/site-packages/airflow/example_dags/example_time_delta_sensor_async.py
[2022-01-04 02:02:38,278] {processor.py:642} INFO - Processing file /Users/bhagvan.kommadi/OldDesk/apacheairflow/airflow-venv/lib/python3.8/site-packages/airflow/example_dags/example_time_delta_sensor_async.py for tasks to queue
[2022-01-04 02:02:38,286] {logging_mixin.py:109} INFO - [2022-01-04 02:02:38,286] {dagbag.py:500} INFO - Filling up the DagBag from /Users/bhagvan.kommadi/OldDesk/apacheairflow/airflow-venv/lib/python3.8/site-packages/airflow/example_dags/example_time_delta_sensor_async.py
[2022-01-04 02:02:38,462] {processor.py:654} INFO - DAG(s) dict_keys(['example_time_delta_sensor_async']) retrieved from /Users/bhagvan.kommadi/OldDesk/apacheairflow/airflow-venv/lib/python3.8/site-packages/airflow/example_dags/example_time_delta_sensor_async.py
[2022-01-04 02:02:38,527] {logging_mixin.py:109} INFO - [2022-01-04 02:02:38,527] {dag.py:2396} INFO - Sync 1 DAGs
[2022-01-04 02:02:38,558] {logging_mixin.py:109} INFO - [2022-01-04 02:02:38,558] {dag.py:2935} INFO - Setting next_dagrun for example_time_delta_sensor_async to None
[2022-01-04 02:02:38,612] {processor.py:171} INFO - Processing /Users/bhagvan.kommadi/OldDesk/apacheairflow/airflow-venv/lib/python3.8/site-packages/airflow/example_dags/example_time_delta_sensor_async.py took 0.343 seconds
[2022-01-04 02:05:25,603] {processor.py:163} INFO - Started process (PID=6356) to work on /Users/bhagvan.kommadi/OldDesk/apacheairflow/airflow-venv/lib/python3.8/site-packages/airflow/example_dags/example_time_delta_sensor_async.py
[2022-01-04 02:05:25,604] {processor.py:642} INFO - Processing file /Users/bhagvan.kommadi/OldDesk/apacheairflow/airflow-venv/lib/python3.8/site-packages/airflow/example_dags/example_time_delta_sensor_async.py for tasks to queue
[2022-01-04 02:05:25,606] {logging_mixin.py:109} INFO - [2022-01-04 02:05:25,605] {dagbag.py:500} INFO - Filling up the DagBag from /Users/bhagvan.kommadi/OldDesk/apacheairflow/airflow-venv/lib/python3.8/site-packages/airflow/example_dags/example_time_delta_sensor_async.py
[2022-01-04 02:05:25,656] {processor.py:654} INFO - DAG(s) dict_keys(['example_time_delta_sensor_async']) retrieved from /Users/bhagvan.kommadi/OldDesk/apacheairflow/airflow-venv/lib/python3.8/site-packages/airflow/example_dags/example_time_delta_sensor_async.py
[2022-01-04 02:05:25,678] {logging_mixin.py:109} INFO - [2022-01-04 02:05:25,678] {dag.py:2396} INFO - Sync 1 DAGs
[2022-01-04 02:05:25,689] {logging_mixin.py:109} INFO - [2022-01-04 02:05:25,689] {dag.py:2935} INFO - Setting next_dagrun for example_time_delta_sensor_async to None
[2022-01-04 02:05:25,700] {processor.py:171} INFO - Processing /Users/bhagvan.kommadi/OldDesk/apacheairflow/airflow-venv/lib/python3.8/site-packages/airflow/example_dags/example_time_delta_sensor_async.py took 0.098 seconds
[2022-01-04 02:07:04,644] {processor.py:163} INFO - Started process (PID=6442) to work on /Users/bhagvan.kommadi/OldDesk/apacheairflow/airflow-venv/lib/python3.8/site-packages/airflow/example_dags/example_time_delta_sensor_async.py
[2022-01-04 02:07:04,653] {processor.py:642} INFO - Processing file /Users/bhagvan.kommadi/OldDesk/apacheairflow/airflow-venv/lib/python3.8/site-packages/airflow/example_dags/example_time_delta_sensor_async.py for tasks to queue
[2022-01-04 02:07:04,655] {logging_mixin.py:109} INFO - [2022-01-04 02:07:04,655] {dagbag.py:500} INFO - Filling up the DagBag from /Users/bhagvan.kommadi/OldDesk/apacheairflow/airflow-venv/lib/python3.8/site-packages/airflow/example_dags/example_time_delta_sensor_async.py
[2022-01-04 02:07:04,710] {processor.py:654} INFO - DAG(s) dict_keys(['example_time_delta_sensor_async']) retrieved from /Users/bhagvan.kommadi/OldDesk/apacheairflow/airflow-venv/lib/python3.8/site-packages/airflow/example_dags/example_time_delta_sensor_async.py
[2022-01-04 02:07:04,739] {logging_mixin.py:109} INFO - [2022-01-04 02:07:04,738] {dag.py:2396} INFO - Sync 1 DAGs
[2022-01-04 02:07:04,752] {logging_mixin.py:109} INFO - [2022-01-04 02:07:04,752] {dag.py:2935} INFO - Setting next_dagrun for example_time_delta_sensor_async to None
[2022-01-04 02:07:04,765] {processor.py:171} INFO - Processing /Users/bhagvan.kommadi/OldDesk/apacheairflow/airflow-venv/lib/python3.8/site-packages/airflow/example_dags/example_time_delta_sensor_async.py took 0.122 seconds
[2022-01-04 02:08:37,271] {processor.py:163} INFO - Started process (PID=6592) to work on /Users/bhagvan.kommadi/OldDesk/apacheairflow/airflow-venv/lib/python3.8/site-packages/airflow/example_dags/example_time_delta_sensor_async.py
[2022-01-04 02:08:37,272] {processor.py:642} INFO - Processing file /Users/bhagvan.kommadi/OldDesk/apacheairflow/airflow-venv/lib/python3.8/site-packages/airflow/example_dags/example_time_delta_sensor_async.py for tasks to queue
[2022-01-04 02:08:37,273] {logging_mixin.py:109} INFO - [2022-01-04 02:08:37,273] {dagbag.py:500} INFO - Filling up the DagBag from /Users/bhagvan.kommadi/OldDesk/apacheairflow/airflow-venv/lib/python3.8/site-packages/airflow/example_dags/example_time_delta_sensor_async.py
[2022-01-04 02:08:37,391] {processor.py:654} INFO - DAG(s) dict_keys(['example_time_delta_sensor_async']) retrieved from /Users/bhagvan.kommadi/OldDesk/apacheairflow/airflow-venv/lib/python3.8/site-packages/airflow/example_dags/example_time_delta_sensor_async.py
[2022-01-04 02:08:37,485] {logging_mixin.py:109} INFO - [2022-01-04 02:08:37,485] {dag.py:2396} INFO - Sync 1 DAGs
[2022-01-04 02:08:37,534] {logging_mixin.py:109} INFO - [2022-01-04 02:08:37,533] {dag.py:2935} INFO - Setting next_dagrun for example_time_delta_sensor_async to None
[2022-01-04 02:08:37,568] {processor.py:171} INFO - Processing /Users/bhagvan.kommadi/OldDesk/apacheairflow/airflow-venv/lib/python3.8/site-packages/airflow/example_dags/example_time_delta_sensor_async.py took 0.298 seconds
