[2022-01-04 02:03:24,452] {processor.py:163} INFO - Started process (PID=6217) to work on /Users/bhagvan.kommadi/OldDesk/apacheairflow/airflow-venv/lib/python3.8/site-packages/airflow/example_dags/example_latest_only_with_trigger.py
[2022-01-04 02:03:24,454] {processor.py:642} INFO - Processing file /Users/bhagvan.kommadi/OldDesk/apacheairflow/airflow-venv/lib/python3.8/site-packages/airflow/example_dags/example_latest_only_with_trigger.py for tasks to queue
[2022-01-04 02:03:24,456] {logging_mixin.py:109} INFO - [2022-01-04 02:03:24,456] {dagbag.py:500} INFO - Filling up the DagBag from /Users/bhagvan.kommadi/OldDesk/apacheairflow/airflow-venv/lib/python3.8/site-packages/airflow/example_dags/example_latest_only_with_trigger.py
[2022-01-04 02:03:24,612] {processor.py:654} INFO - DAG(s) dict_keys(['latest_only_with_trigger']) retrieved from /Users/bhagvan.kommadi/OldDesk/apacheairflow/airflow-venv/lib/python3.8/site-packages/airflow/example_dags/example_latest_only_with_trigger.py
[2022-01-04 02:03:24,689] {logging_mixin.py:109} INFO - [2022-01-04 02:03:24,689] {dag.py:2396} INFO - Sync 1 DAGs
[2022-01-04 02:03:24,713] {logging_mixin.py:109} INFO - [2022-01-04 02:03:24,713] {dag.py:2935} INFO - Setting next_dagrun for latest_only_with_trigger to 2022-01-03T16:33:24.713234+00:00
[2022-01-04 02:03:24,754] {processor.py:171} INFO - Processing /Users/bhagvan.kommadi/OldDesk/apacheairflow/airflow-venv/lib/python3.8/site-packages/airflow/example_dags/example_latest_only_with_trigger.py took 0.303 seconds
[2022-01-04 02:06:03,163] {processor.py:163} INFO - Started process (PID=6384) to work on /Users/bhagvan.kommadi/OldDesk/apacheairflow/airflow-venv/lib/python3.8/site-packages/airflow/example_dags/example_latest_only_with_trigger.py
[2022-01-04 02:06:03,165] {processor.py:642} INFO - Processing file /Users/bhagvan.kommadi/OldDesk/apacheairflow/airflow-venv/lib/python3.8/site-packages/airflow/example_dags/example_latest_only_with_trigger.py for tasks to queue
[2022-01-04 02:06:03,165] {logging_mixin.py:109} INFO - [2022-01-04 02:06:03,165] {dagbag.py:500} INFO - Filling up the DagBag from /Users/bhagvan.kommadi/OldDesk/apacheairflow/airflow-venv/lib/python3.8/site-packages/airflow/example_dags/example_latest_only_with_trigger.py
[2022-01-04 02:06:03,244] {processor.py:654} INFO - DAG(s) dict_keys(['latest_only_with_trigger']) retrieved from /Users/bhagvan.kommadi/OldDesk/apacheairflow/airflow-venv/lib/python3.8/site-packages/airflow/example_dags/example_latest_only_with_trigger.py
[2022-01-04 02:06:03,307] {logging_mixin.py:109} INFO - [2022-01-04 02:06:03,306] {dag.py:2396} INFO - Sync 1 DAGs
[2022-01-04 02:06:03,326] {logging_mixin.py:109} INFO - [2022-01-04 02:06:03,326] {dag.py:2935} INFO - Setting next_dagrun for latest_only_with_trigger to 2022-01-03T16:36:03.326098+00:00
[2022-01-04 02:06:03,349] {processor.py:171} INFO - Processing /Users/bhagvan.kommadi/OldDesk/apacheairflow/airflow-venv/lib/python3.8/site-packages/airflow/example_dags/example_latest_only_with_trigger.py took 0.187 seconds
[2022-01-04 02:09:09,131] {processor.py:163} INFO - Started process (PID=6652) to work on /Users/bhagvan.kommadi/OldDesk/apacheairflow/airflow-venv/lib/python3.8/site-packages/airflow/example_dags/example_latest_only_with_trigger.py
[2022-01-04 02:09:09,132] {processor.py:642} INFO - Processing file /Users/bhagvan.kommadi/OldDesk/apacheairflow/airflow-venv/lib/python3.8/site-packages/airflow/example_dags/example_latest_only_with_trigger.py for tasks to queue
[2022-01-04 02:09:09,135] {logging_mixin.py:109} INFO - [2022-01-04 02:09:09,135] {dagbag.py:500} INFO - Filling up the DagBag from /Users/bhagvan.kommadi/OldDesk/apacheairflow/airflow-venv/lib/python3.8/site-packages/airflow/example_dags/example_latest_only_with_trigger.py
[2022-01-04 02:09:09,284] {processor.py:654} INFO - DAG(s) dict_keys(['latest_only_with_trigger']) retrieved from /Users/bhagvan.kommadi/OldDesk/apacheairflow/airflow-venv/lib/python3.8/site-packages/airflow/example_dags/example_latest_only_with_trigger.py
[2022-01-04 02:09:09,339] {logging_mixin.py:109} INFO - [2022-01-04 02:09:09,339] {dag.py:2396} INFO - Sync 1 DAGs
[2022-01-04 02:09:09,360] {logging_mixin.py:109} INFO - [2022-01-04 02:09:09,359] {dag.py:2935} INFO - Setting next_dagrun for latest_only_with_trigger to 2022-01-03T16:39:09.359647+00:00
[2022-01-04 02:09:09,373] {processor.py:171} INFO - Processing /Users/bhagvan.kommadi/OldDesk/apacheairflow/airflow-venv/lib/python3.8/site-packages/airflow/example_dags/example_latest_only_with_trigger.py took 0.244 seconds
