[2022-01-04 02:02:49,948] {processor.py:163} INFO - Started process (PID=6154) to work on /Users/bhagvan.kommadi/OldDesk/apacheairflow/airflow-venv/lib/python3.8/site-packages/airflow/example_dags/example_subdag_operator.py
[2022-01-04 02:02:49,949] {processor.py:642} INFO - Processing file /Users/bhagvan.kommadi/OldDesk/apacheairflow/airflow-venv/lib/python3.8/site-packages/airflow/example_dags/example_subdag_operator.py for tasks to queue
[2022-01-04 02:02:49,950] {logging_mixin.py:109} INFO - [2022-01-04 02:02:49,950] {dagbag.py:500} INFO - Filling up the DagBag from /Users/bhagvan.kommadi/OldDesk/apacheairflow/airflow-venv/lib/python3.8/site-packages/airflow/example_dags/example_subdag_operator.py
[2022-01-04 02:02:50,044] {processor.py:654} INFO - DAG(s) dict_keys(['example_subdag_operator.section-1', 'example_subdag_operator.section-2', 'example_subdag_operator']) retrieved from /Users/bhagvan.kommadi/OldDesk/apacheairflow/airflow-venv/lib/python3.8/site-packages/airflow/example_dags/example_subdag_operator.py
[2022-01-04 02:02:50,080] {logging_mixin.py:109} INFO - [2022-01-04 02:02:50,080] {dag.py:2396} INFO - Sync 3 DAGs
[2022-01-04 02:02:50,098] {logging_mixin.py:109} INFO - [2022-01-04 02:02:50,098] {dag.py:2935} INFO - Setting next_dagrun for example_subdag_operator to 2022-01-01T00:00:00+00:00
[2022-01-04 02:02:50,098] {logging_mixin.py:109} INFO - [2022-01-04 02:02:50,098] {dag.py:2935} INFO - Setting next_dagrun for example_subdag_operator.section-1 to None
[2022-01-04 02:02:50,099] {logging_mixin.py:109} INFO - [2022-01-04 02:02:50,098] {dag.py:2935} INFO - Setting next_dagrun for example_subdag_operator.section-2 to None
[2022-01-04 02:02:50,105] {logging_mixin.py:109} INFO - [2022-01-04 02:02:50,105] {dag.py:2396} INFO - Sync 2 DAGs
[2022-01-04 02:02:50,118] {logging_mixin.py:109} INFO - [2022-01-04 02:02:50,118] {dag.py:2935} INFO - Setting next_dagrun for example_subdag_operator.section-1 to None
[2022-01-04 02:02:50,119] {logging_mixin.py:109} INFO - [2022-01-04 02:02:50,119] {dag.py:2935} INFO - Setting next_dagrun for example_subdag_operator.section-2 to None
[2022-01-04 02:02:50,129] {processor.py:171} INFO - Processing /Users/bhagvan.kommadi/OldDesk/apacheairflow/airflow-venv/lib/python3.8/site-packages/airflow/example_dags/example_subdag_operator.py took 0.226 seconds
[2022-01-04 02:05:37,571] {processor.py:163} INFO - Started process (PID=6365) to work on /Users/bhagvan.kommadi/OldDesk/apacheairflow/airflow-venv/lib/python3.8/site-packages/airflow/example_dags/example_subdag_operator.py
[2022-01-04 02:05:37,572] {processor.py:642} INFO - Processing file /Users/bhagvan.kommadi/OldDesk/apacheairflow/airflow-venv/lib/python3.8/site-packages/airflow/example_dags/example_subdag_operator.py for tasks to queue
[2022-01-04 02:05:37,573] {logging_mixin.py:109} INFO - [2022-01-04 02:05:37,573] {dagbag.py:500} INFO - Filling up the DagBag from /Users/bhagvan.kommadi/OldDesk/apacheairflow/airflow-venv/lib/python3.8/site-packages/airflow/example_dags/example_subdag_operator.py
[2022-01-04 02:05:37,695] {processor.py:654} INFO - DAG(s) dict_keys(['example_subdag_operator.section-1', 'example_subdag_operator.section-2', 'example_subdag_operator']) retrieved from /Users/bhagvan.kommadi/OldDesk/apacheairflow/airflow-venv/lib/python3.8/site-packages/airflow/example_dags/example_subdag_operator.py
[2022-01-04 02:05:37,738] {logging_mixin.py:109} INFO - [2022-01-04 02:05:37,737] {dag.py:2396} INFO - Sync 3 DAGs
[2022-01-04 02:05:37,758] {logging_mixin.py:109} INFO - [2022-01-04 02:05:37,758] {dag.py:2935} INFO - Setting next_dagrun for example_subdag_operator to 2022-01-01T00:00:00+00:00
[2022-01-04 02:05:37,758] {logging_mixin.py:109} INFO - [2022-01-04 02:05:37,758] {dag.py:2935} INFO - Setting next_dagrun for example_subdag_operator.section-1 to None
[2022-01-04 02:05:37,759] {logging_mixin.py:109} INFO - [2022-01-04 02:05:37,759] {dag.py:2935} INFO - Setting next_dagrun for example_subdag_operator.section-2 to None
[2022-01-04 02:05:37,770] {logging_mixin.py:109} INFO - [2022-01-04 02:05:37,770] {dag.py:2396} INFO - Sync 2 DAGs
[2022-01-04 02:05:37,790] {logging_mixin.py:109} INFO - [2022-01-04 02:05:37,790] {dag.py:2935} INFO - Setting next_dagrun for example_subdag_operator.section-1 to None
[2022-01-04 02:05:37,790] {logging_mixin.py:109} INFO - [2022-01-04 02:05:37,790] {dag.py:2935} INFO - Setting next_dagrun for example_subdag_operator.section-2 to None
[2022-01-04 02:05:37,811] {processor.py:171} INFO - Processing /Users/bhagvan.kommadi/OldDesk/apacheairflow/airflow-venv/lib/python3.8/site-packages/airflow/example_dags/example_subdag_operator.py took 0.243 seconds
[2022-01-04 02:07:19,314] {processor.py:163} INFO - Started process (PID=6461) to work on /Users/bhagvan.kommadi/OldDesk/apacheairflow/airflow-venv/lib/python3.8/site-packages/airflow/example_dags/example_subdag_operator.py
[2022-01-04 02:07:19,316] {processor.py:642} INFO - Processing file /Users/bhagvan.kommadi/OldDesk/apacheairflow/airflow-venv/lib/python3.8/site-packages/airflow/example_dags/example_subdag_operator.py for tasks to queue
[2022-01-04 02:07:19,318] {logging_mixin.py:109} INFO - [2022-01-04 02:07:19,318] {dagbag.py:500} INFO - Filling up the DagBag from /Users/bhagvan.kommadi/OldDesk/apacheairflow/airflow-venv/lib/python3.8/site-packages/airflow/example_dags/example_subdag_operator.py
[2022-01-04 02:07:19,459] {processor.py:654} INFO - DAG(s) dict_keys(['example_subdag_operator.section-1', 'example_subdag_operator.section-2', 'example_subdag_operator']) retrieved from /Users/bhagvan.kommadi/OldDesk/apacheairflow/airflow-venv/lib/python3.8/site-packages/airflow/example_dags/example_subdag_operator.py
[2022-01-04 02:07:19,532] {logging_mixin.py:109} INFO - [2022-01-04 02:07:19,532] {dag.py:2396} INFO - Sync 3 DAGs
[2022-01-04 02:07:19,586] {logging_mixin.py:109} INFO - [2022-01-04 02:07:19,586] {dag.py:2935} INFO - Setting next_dagrun for example_subdag_operator to 2022-01-01T00:00:00+00:00
[2022-01-04 02:07:19,588] {logging_mixin.py:109} INFO - [2022-01-04 02:07:19,587] {dag.py:2935} INFO - Setting next_dagrun for example_subdag_operator.section-1 to None
[2022-01-04 02:07:19,588] {logging_mixin.py:109} INFO - [2022-01-04 02:07:19,588] {dag.py:2935} INFO - Setting next_dagrun for example_subdag_operator.section-2 to None
[2022-01-04 02:07:19,625] {logging_mixin.py:109} INFO - [2022-01-04 02:07:19,625] {dag.py:2396} INFO - Sync 2 DAGs
[2022-01-04 02:07:19,648] {logging_mixin.py:109} INFO - [2022-01-04 02:07:19,648] {dag.py:2935} INFO - Setting next_dagrun for example_subdag_operator.section-1 to None
[2022-01-04 02:07:19,649] {logging_mixin.py:109} INFO - [2022-01-04 02:07:19,649] {dag.py:2935} INFO - Setting next_dagrun for example_subdag_operator.section-2 to None
[2022-01-04 02:07:19,662] {processor.py:171} INFO - Processing /Users/bhagvan.kommadi/OldDesk/apacheairflow/airflow-venv/lib/python3.8/site-packages/airflow/example_dags/example_subdag_operator.py took 0.349 seconds
[2022-01-04 02:08:51,167] {processor.py:163} INFO - Started process (PID=6626) to work on /Users/bhagvan.kommadi/OldDesk/apacheairflow/airflow-venv/lib/python3.8/site-packages/airflow/example_dags/example_subdag_operator.py
[2022-01-04 02:08:51,168] {processor.py:642} INFO - Processing file /Users/bhagvan.kommadi/OldDesk/apacheairflow/airflow-venv/lib/python3.8/site-packages/airflow/example_dags/example_subdag_operator.py for tasks to queue
[2022-01-04 02:08:51,170] {logging_mixin.py:109} INFO - [2022-01-04 02:08:51,170] {dagbag.py:500} INFO - Filling up the DagBag from /Users/bhagvan.kommadi/OldDesk/apacheairflow/airflow-venv/lib/python3.8/site-packages/airflow/example_dags/example_subdag_operator.py
[2022-01-04 02:08:51,268] {processor.py:654} INFO - DAG(s) dict_keys(['example_subdag_operator.section-1', 'example_subdag_operator.section-2', 'example_subdag_operator']) retrieved from /Users/bhagvan.kommadi/OldDesk/apacheairflow/airflow-venv/lib/python3.8/site-packages/airflow/example_dags/example_subdag_operator.py
[2022-01-04 02:08:51,307] {logging_mixin.py:109} INFO - [2022-01-04 02:08:51,307] {dag.py:2396} INFO - Sync 3 DAGs
[2022-01-04 02:08:51,326] {logging_mixin.py:109} INFO - [2022-01-04 02:08:51,326] {dag.py:2935} INFO - Setting next_dagrun for example_subdag_operator to 2022-01-01T00:00:00+00:00
[2022-01-04 02:08:51,326] {logging_mixin.py:109} INFO - [2022-01-04 02:08:51,326] {dag.py:2935} INFO - Setting next_dagrun for example_subdag_operator.section-1 to None
[2022-01-04 02:08:51,327] {logging_mixin.py:109} INFO - [2022-01-04 02:08:51,327] {dag.py:2935} INFO - Setting next_dagrun for example_subdag_operator.section-2 to None
[2022-01-04 02:08:51,334] {logging_mixin.py:109} INFO - [2022-01-04 02:08:51,334] {dag.py:2396} INFO - Sync 2 DAGs
[2022-01-04 02:08:51,348] {logging_mixin.py:109} INFO - [2022-01-04 02:08:51,348] {dag.py:2935} INFO - Setting next_dagrun for example_subdag_operator.section-1 to None
[2022-01-04 02:08:51,348] {logging_mixin.py:109} INFO - [2022-01-04 02:08:51,348] {dag.py:2935} INFO - Setting next_dagrun for example_subdag_operator.section-2 to None
[2022-01-04 02:08:51,358] {processor.py:171} INFO - Processing /Users/bhagvan.kommadi/OldDesk/apacheairflow/airflow-venv/lib/python3.8/site-packages/airflow/example_dags/example_subdag_operator.py took 0.193 seconds
