[2022-01-04 02:03:14,976] {processor.py:163} INFO - Started process (PID=6199) to work on /Users/bhagvan.kommadi/OldDesk/apacheairflow/airflow-venv/lib/python3.8/site-packages/airflow/example_dags/example_nested_branch_dag.py
[2022-01-04 02:03:14,977] {processor.py:642} INFO - Processing file /Users/bhagvan.kommadi/OldDesk/apacheairflow/airflow-venv/lib/python3.8/site-packages/airflow/example_dags/example_nested_branch_dag.py for tasks to queue
[2022-01-04 02:03:14,978] {logging_mixin.py:109} INFO - [2022-01-04 02:03:14,978] {dagbag.py:500} INFO - Filling up the DagBag from /Users/bhagvan.kommadi/OldDesk/apacheairflow/airflow-venv/lib/python3.8/site-packages/airflow/example_dags/example_nested_branch_dag.py
[2022-01-04 02:03:15,083] {processor.py:654} INFO - DAG(s) dict_keys(['example_nested_branch_dag']) retrieved from /Users/bhagvan.kommadi/OldDesk/apacheairflow/airflow-venv/lib/python3.8/site-packages/airflow/example_dags/example_nested_branch_dag.py
[2022-01-04 02:03:15,120] {logging_mixin.py:109} INFO - [2022-01-04 02:03:15,120] {dag.py:2396} INFO - Sync 1 DAGs
[2022-01-04 02:03:15,141] {logging_mixin.py:109} INFO - [2022-01-04 02:03:15,141] {dag.py:2935} INFO - Setting next_dagrun for example_nested_branch_dag to 2022-01-02 00:00:00+00:00
[2022-01-04 02:03:15,154] {processor.py:171} INFO - Processing /Users/bhagvan.kommadi/OldDesk/apacheairflow/airflow-venv/lib/python3.8/site-packages/airflow/example_dags/example_nested_branch_dag.py took 0.180 seconds
[2022-01-04 02:05:59,622] {processor.py:163} INFO - Started process (PID=6381) to work on /Users/bhagvan.kommadi/OldDesk/apacheairflow/airflow-venv/lib/python3.8/site-packages/airflow/example_dags/example_nested_branch_dag.py
[2022-01-04 02:05:59,624] {processor.py:642} INFO - Processing file /Users/bhagvan.kommadi/OldDesk/apacheairflow/airflow-venv/lib/python3.8/site-packages/airflow/example_dags/example_nested_branch_dag.py for tasks to queue
[2022-01-04 02:05:59,625] {logging_mixin.py:109} INFO - [2022-01-04 02:05:59,625] {dagbag.py:500} INFO - Filling up the DagBag from /Users/bhagvan.kommadi/OldDesk/apacheairflow/airflow-venv/lib/python3.8/site-packages/airflow/example_dags/example_nested_branch_dag.py
[2022-01-04 02:05:59,710] {processor.py:654} INFO - DAG(s) dict_keys(['example_nested_branch_dag']) retrieved from /Users/bhagvan.kommadi/OldDesk/apacheairflow/airflow-venv/lib/python3.8/site-packages/airflow/example_dags/example_nested_branch_dag.py
[2022-01-04 02:05:59,738] {logging_mixin.py:109} INFO - [2022-01-04 02:05:59,738] {dag.py:2396} INFO - Sync 1 DAGs
[2022-01-04 02:05:59,753] {logging_mixin.py:109} INFO - [2022-01-04 02:05:59,753] {dag.py:2935} INFO - Setting next_dagrun for example_nested_branch_dag to 2022-01-02 00:00:00+00:00
[2022-01-04 02:05:59,767] {processor.py:171} INFO - Processing /Users/bhagvan.kommadi/OldDesk/apacheairflow/airflow-venv/lib/python3.8/site-packages/airflow/example_dags/example_nested_branch_dag.py took 0.147 seconds
[2022-01-04 02:09:03,892] {processor.py:163} INFO - Started process (PID=6647) to work on /Users/bhagvan.kommadi/OldDesk/apacheairflow/airflow-venv/lib/python3.8/site-packages/airflow/example_dags/example_nested_branch_dag.py
[2022-01-04 02:09:03,893] {processor.py:642} INFO - Processing file /Users/bhagvan.kommadi/OldDesk/apacheairflow/airflow-venv/lib/python3.8/site-packages/airflow/example_dags/example_nested_branch_dag.py for tasks to queue
[2022-01-04 02:09:03,894] {logging_mixin.py:109} INFO - [2022-01-04 02:09:03,894] {dagbag.py:500} INFO - Filling up the DagBag from /Users/bhagvan.kommadi/OldDesk/apacheairflow/airflow-venv/lib/python3.8/site-packages/airflow/example_dags/example_nested_branch_dag.py
[2022-01-04 02:09:03,995] {processor.py:654} INFO - DAG(s) dict_keys(['example_nested_branch_dag']) retrieved from /Users/bhagvan.kommadi/OldDesk/apacheairflow/airflow-venv/lib/python3.8/site-packages/airflow/example_dags/example_nested_branch_dag.py
[2022-01-04 02:09:04,045] {logging_mixin.py:109} INFO - [2022-01-04 02:09:04,045] {dag.py:2396} INFO - Sync 1 DAGs
[2022-01-04 02:09:04,059] {logging_mixin.py:109} INFO - [2022-01-04 02:09:04,059] {dag.py:2935} INFO - Setting next_dagrun for example_nested_branch_dag to 2022-01-02 00:00:00+00:00
[2022-01-04 02:09:04,072] {processor.py:171} INFO - Processing /Users/bhagvan.kommadi/OldDesk/apacheairflow/airflow-venv/lib/python3.8/site-packages/airflow/example_dags/example_nested_branch_dag.py took 0.182 seconds
