[2022-01-04 02:02:53,516] {processor.py:163} INFO - Started process (PID=6158) to work on /Users/bhagvan.kommadi/OldDesk/apacheairflow/airflow-venv/lib/python3.8/site-packages/airflow/example_dags/example_sla_dag.py
[2022-01-04 02:02:53,517] {processor.py:642} INFO - Processing file /Users/bhagvan.kommadi/OldDesk/apacheairflow/airflow-venv/lib/python3.8/site-packages/airflow/example_dags/example_sla_dag.py for tasks to queue
[2022-01-04 02:02:53,518] {logging_mixin.py:109} INFO - [2022-01-04 02:02:53,518] {dagbag.py:500} INFO - Filling up the DagBag from /Users/bhagvan.kommadi/OldDesk/apacheairflow/airflow-venv/lib/python3.8/site-packages/airflow/example_dags/example_sla_dag.py
[2022-01-04 02:02:53,618] {processor.py:654} INFO - DAG(s) dict_keys(['example_sla_dag']) retrieved from /Users/bhagvan.kommadi/OldDesk/apacheairflow/airflow-venv/lib/python3.8/site-packages/airflow/example_dags/example_sla_dag.py
[2022-01-04 02:02:53,642] {logging_mixin.py:109} INFO - [2022-01-04 02:02:53,642] {dag.py:2396} INFO - Sync 1 DAGs
[2022-01-04 02:02:53,658] {logging_mixin.py:109} INFO - [2022-01-04 02:02:53,658] {dag.py:2935} INFO - Setting next_dagrun for example_sla_dag to 2022-01-03T20:30:00+00:00
[2022-01-04 02:02:53,678] {processor.py:171} INFO - Processing /Users/bhagvan.kommadi/OldDesk/apacheairflow/airflow-venv/lib/python3.8/site-packages/airflow/example_dags/example_sla_dag.py took 0.163 seconds
[2022-01-04 02:05:41,667] {processor.py:163} INFO - Started process (PID=6368) to work on /Users/bhagvan.kommadi/OldDesk/apacheairflow/airflow-venv/lib/python3.8/site-packages/airflow/example_dags/example_sla_dag.py
[2022-01-04 02:05:41,668] {processor.py:642} INFO - Processing file /Users/bhagvan.kommadi/OldDesk/apacheairflow/airflow-venv/lib/python3.8/site-packages/airflow/example_dags/example_sla_dag.py for tasks to queue
[2022-01-04 02:05:41,669] {logging_mixin.py:109} INFO - [2022-01-04 02:05:41,669] {dagbag.py:500} INFO - Filling up the DagBag from /Users/bhagvan.kommadi/OldDesk/apacheairflow/airflow-venv/lib/python3.8/site-packages/airflow/example_dags/example_sla_dag.py
[2022-01-04 02:05:41,753] {processor.py:654} INFO - DAG(s) dict_keys(['example_sla_dag']) retrieved from /Users/bhagvan.kommadi/OldDesk/apacheairflow/airflow-venv/lib/python3.8/site-packages/airflow/example_dags/example_sla_dag.py
[2022-01-04 02:05:41,781] {logging_mixin.py:109} INFO - [2022-01-04 02:05:41,781] {dag.py:2396} INFO - Sync 1 DAGs
[2022-01-04 02:05:41,799] {logging_mixin.py:109} INFO - [2022-01-04 02:05:41,799] {dag.py:2935} INFO - Setting next_dagrun for example_sla_dag to 2022-01-03T20:32:00+00:00
[2022-01-04 02:05:41,810] {processor.py:171} INFO - Processing /Users/bhagvan.kommadi/OldDesk/apacheairflow/airflow-venv/lib/python3.8/site-packages/airflow/example_dags/example_sla_dag.py took 0.143 seconds
[2022-01-04 02:07:23,586] {processor.py:163} INFO - Started process (PID=6472) to work on /Users/bhagvan.kommadi/OldDesk/apacheairflow/airflow-venv/lib/python3.8/site-packages/airflow/example_dags/example_sla_dag.py
[2022-01-04 02:07:23,588] {processor.py:642} INFO - Processing file /Users/bhagvan.kommadi/OldDesk/apacheairflow/airflow-venv/lib/python3.8/site-packages/airflow/example_dags/example_sla_dag.py for tasks to queue
[2022-01-04 02:07:23,589] {logging_mixin.py:109} INFO - [2022-01-04 02:07:23,589] {dagbag.py:500} INFO - Filling up the DagBag from /Users/bhagvan.kommadi/OldDesk/apacheairflow/airflow-venv/lib/python3.8/site-packages/airflow/example_dags/example_sla_dag.py
[2022-01-04 02:07:23,678] {processor.py:654} INFO - DAG(s) dict_keys(['example_sla_dag']) retrieved from /Users/bhagvan.kommadi/OldDesk/apacheairflow/airflow-venv/lib/python3.8/site-packages/airflow/example_dags/example_sla_dag.py
[2022-01-04 02:07:23,706] {logging_mixin.py:109} INFO - [2022-01-04 02:07:23,706] {dag.py:2396} INFO - Sync 1 DAGs
[2022-01-04 02:07:23,724] {logging_mixin.py:109} INFO - [2022-01-04 02:07:23,724] {dag.py:2935} INFO - Setting next_dagrun for example_sla_dag to 2022-01-03T20:34:00+00:00
[2022-01-04 02:07:23,735] {processor.py:171} INFO - Processing /Users/bhagvan.kommadi/OldDesk/apacheairflow/airflow-venv/lib/python3.8/site-packages/airflow/example_dags/example_sla_dag.py took 0.149 seconds
[2022-01-04 02:08:55,732] {processor.py:163} INFO - Started process (PID=6629) to work on /Users/bhagvan.kommadi/OldDesk/apacheairflow/airflow-venv/lib/python3.8/site-packages/airflow/example_dags/example_sla_dag.py
[2022-01-04 02:08:55,733] {processor.py:642} INFO - Processing file /Users/bhagvan.kommadi/OldDesk/apacheairflow/airflow-venv/lib/python3.8/site-packages/airflow/example_dags/example_sla_dag.py for tasks to queue
[2022-01-04 02:08:55,733] {logging_mixin.py:109} INFO - [2022-01-04 02:08:55,733] {dagbag.py:500} INFO - Filling up the DagBag from /Users/bhagvan.kommadi/OldDesk/apacheairflow/airflow-venv/lib/python3.8/site-packages/airflow/example_dags/example_sla_dag.py
[2022-01-04 02:08:55,870] {processor.py:654} INFO - DAG(s) dict_keys(['example_sla_dag']) retrieved from /Users/bhagvan.kommadi/OldDesk/apacheairflow/airflow-venv/lib/python3.8/site-packages/airflow/example_dags/example_sla_dag.py
[2022-01-04 02:08:55,904] {logging_mixin.py:109} INFO - [2022-01-04 02:08:55,904] {dag.py:2396} INFO - Sync 1 DAGs
[2022-01-04 02:08:55,923] {logging_mixin.py:109} INFO - [2022-01-04 02:08:55,923] {dag.py:2935} INFO - Setting next_dagrun for example_sla_dag to 2022-01-03T20:36:00+00:00
[2022-01-04 02:08:55,933] {processor.py:171} INFO - Processing /Users/bhagvan.kommadi/OldDesk/apacheairflow/airflow-venv/lib/python3.8/site-packages/airflow/example_dags/example_sla_dag.py took 0.202 seconds
