[2022-01-04 02:02:10,395] {processor.py:163} INFO - Started process (PID=6125) to work on /Users/bhagvan.kommadi/OldDesk/apacheairflow/airflow-venv/lib/python3.8/site-packages/airflow/example_dags/tutorial_etl_dag.py
[2022-01-04 02:02:10,395] {processor.py:642} INFO - Processing file /Users/bhagvan.kommadi/OldDesk/apacheairflow/airflow-venv/lib/python3.8/site-packages/airflow/example_dags/tutorial_etl_dag.py for tasks to queue
[2022-01-04 02:02:10,396] {logging_mixin.py:109} INFO - [2022-01-04 02:02:10,396] {dagbag.py:500} INFO - Filling up the DagBag from /Users/bhagvan.kommadi/OldDesk/apacheairflow/airflow-venv/lib/python3.8/site-packages/airflow/example_dags/tutorial_etl_dag.py
[2022-01-04 02:02:10,630] {processor.py:654} INFO - DAG(s) dict_keys(['tutorial_etl_dag']) retrieved from /Users/bhagvan.kommadi/OldDesk/apacheairflow/airflow-venv/lib/python3.8/site-packages/airflow/example_dags/tutorial_etl_dag.py
[2022-01-04 02:02:10,669] {logging_mixin.py:109} INFO - [2022-01-04 02:02:10,668] {dag.py:2396} INFO - Sync 1 DAGs
[2022-01-04 02:02:10,682] {logging_mixin.py:109} INFO - [2022-01-04 02:02:10,682] {dag.py:2935} INFO - Setting next_dagrun for tutorial_etl_dag to None
[2022-01-04 02:02:10,696] {processor.py:171} INFO - Processing /Users/bhagvan.kommadi/OldDesk/apacheairflow/airflow-venv/lib/python3.8/site-packages/airflow/example_dags/tutorial_etl_dag.py took 0.302 seconds
[2022-01-04 02:05:00,574] {processor.py:163} INFO - Started process (PID=6313) to work on /Users/bhagvan.kommadi/OldDesk/apacheairflow/airflow-venv/lib/python3.8/site-packages/airflow/example_dags/tutorial_etl_dag.py
[2022-01-04 02:05:00,576] {processor.py:642} INFO - Processing file /Users/bhagvan.kommadi/OldDesk/apacheairflow/airflow-venv/lib/python3.8/site-packages/airflow/example_dags/tutorial_etl_dag.py for tasks to queue
[2022-01-04 02:05:00,578] {logging_mixin.py:109} INFO - [2022-01-04 02:05:00,578] {dagbag.py:500} INFO - Filling up the DagBag from /Users/bhagvan.kommadi/OldDesk/apacheairflow/airflow-venv/lib/python3.8/site-packages/airflow/example_dags/tutorial_etl_dag.py
[2022-01-04 02:05:00,786] {processor.py:654} INFO - DAG(s) dict_keys(['tutorial_etl_dag']) retrieved from /Users/bhagvan.kommadi/OldDesk/apacheairflow/airflow-venv/lib/python3.8/site-packages/airflow/example_dags/tutorial_etl_dag.py
[2022-01-04 02:05:00,809] {logging_mixin.py:109} INFO - [2022-01-04 02:05:00,808] {dag.py:2396} INFO - Sync 1 DAGs
[2022-01-04 02:05:00,820] {logging_mixin.py:109} INFO - [2022-01-04 02:05:00,819] {dag.py:2935} INFO - Setting next_dagrun for tutorial_etl_dag to None
[2022-01-04 02:05:00,837] {processor.py:171} INFO - Processing /Users/bhagvan.kommadi/OldDesk/apacheairflow/airflow-venv/lib/python3.8/site-packages/airflow/example_dags/tutorial_etl_dag.py took 0.265 seconds
[2022-01-04 02:06:43,277] {processor.py:163} INFO - Started process (PID=6426) to work on /Users/bhagvan.kommadi/OldDesk/apacheairflow/airflow-venv/lib/python3.8/site-packages/airflow/example_dags/tutorial_etl_dag.py
[2022-01-04 02:06:43,279] {processor.py:642} INFO - Processing file /Users/bhagvan.kommadi/OldDesk/apacheairflow/airflow-venv/lib/python3.8/site-packages/airflow/example_dags/tutorial_etl_dag.py for tasks to queue
[2022-01-04 02:06:43,280] {logging_mixin.py:109} INFO - [2022-01-04 02:06:43,279] {dagbag.py:500} INFO - Filling up the DagBag from /Users/bhagvan.kommadi/OldDesk/apacheairflow/airflow-venv/lib/python3.8/site-packages/airflow/example_dags/tutorial_etl_dag.py
[2022-01-04 02:06:43,353] {processor.py:654} INFO - DAG(s) dict_keys(['tutorial_etl_dag']) retrieved from /Users/bhagvan.kommadi/OldDesk/apacheairflow/airflow-venv/lib/python3.8/site-packages/airflow/example_dags/tutorial_etl_dag.py
[2022-01-04 02:06:43,379] {logging_mixin.py:109} INFO - [2022-01-04 02:06:43,378] {dag.py:2396} INFO - Sync 1 DAGs
[2022-01-04 02:06:43,391] {logging_mixin.py:109} INFO - [2022-01-04 02:06:43,390] {dag.py:2935} INFO - Setting next_dagrun for tutorial_etl_dag to None
[2022-01-04 02:06:43,400] {processor.py:171} INFO - Processing /Users/bhagvan.kommadi/OldDesk/apacheairflow/airflow-venv/lib/python3.8/site-packages/airflow/example_dags/tutorial_etl_dag.py took 0.123 seconds
[2022-01-04 02:08:15,279] {processor.py:163} INFO - Started process (PID=6544) to work on /Users/bhagvan.kommadi/OldDesk/apacheairflow/airflow-venv/lib/python3.8/site-packages/airflow/example_dags/tutorial_etl_dag.py
[2022-01-04 02:08:15,280] {processor.py:642} INFO - Processing file /Users/bhagvan.kommadi/OldDesk/apacheairflow/airflow-venv/lib/python3.8/site-packages/airflow/example_dags/tutorial_etl_dag.py for tasks to queue
[2022-01-04 02:08:15,281] {logging_mixin.py:109} INFO - [2022-01-04 02:08:15,281] {dagbag.py:500} INFO - Filling up the DagBag from /Users/bhagvan.kommadi/OldDesk/apacheairflow/airflow-venv/lib/python3.8/site-packages/airflow/example_dags/tutorial_etl_dag.py
[2022-01-04 02:08:15,366] {processor.py:654} INFO - DAG(s) dict_keys(['tutorial_etl_dag']) retrieved from /Users/bhagvan.kommadi/OldDesk/apacheairflow/airflow-venv/lib/python3.8/site-packages/airflow/example_dags/tutorial_etl_dag.py
[2022-01-04 02:08:15,393] {logging_mixin.py:109} INFO - [2022-01-04 02:08:15,392] {dag.py:2396} INFO - Sync 1 DAGs
[2022-01-04 02:08:15,405] {logging_mixin.py:109} INFO - [2022-01-04 02:08:15,405] {dag.py:2935} INFO - Setting next_dagrun for tutorial_etl_dag to None
[2022-01-04 02:08:15,416] {processor.py:171} INFO - Processing /Users/bhagvan.kommadi/OldDesk/apacheairflow/airflow-venv/lib/python3.8/site-packages/airflow/example_dags/tutorial_etl_dag.py took 0.137 seconds
