[2022-01-04 02:02:16,425] {processor.py:163} INFO - Started process (PID=6129) to work on /Users/bhagvan.kommadi/OldDesk/apacheairflow/airflow-venv/lib/python3.8/site-packages/airflow/example_dags/tutorial.py
[2022-01-04 02:02:16,432] {processor.py:642} INFO - Processing file /Users/bhagvan.kommadi/OldDesk/apacheairflow/airflow-venv/lib/python3.8/site-packages/airflow/example_dags/tutorial.py for tasks to queue
[2022-01-04 02:02:16,434] {logging_mixin.py:109} INFO - [2022-01-04 02:02:16,434] {dagbag.py:500} INFO - Filling up the DagBag from /Users/bhagvan.kommadi/OldDesk/apacheairflow/airflow-venv/lib/python3.8/site-packages/airflow/example_dags/tutorial.py
[2022-01-04 02:02:16,562] {processor.py:654} INFO - DAG(s) dict_keys(['tutorial']) retrieved from /Users/bhagvan.kommadi/OldDesk/apacheairflow/airflow-venv/lib/python3.8/site-packages/airflow/example_dags/tutorial.py
[2022-01-04 02:02:16,649] {logging_mixin.py:109} INFO - [2022-01-04 02:02:16,649] {dag.py:2396} INFO - Sync 1 DAGs
[2022-01-04 02:02:16,700] {logging_mixin.py:109} INFO - [2022-01-04 02:02:16,699] {dag.py:2935} INFO - Setting next_dagrun for tutorial to 2022-01-02T20:32:16.698540+00:00
[2022-01-04 02:02:16,722] {processor.py:171} INFO - Processing /Users/bhagvan.kommadi/OldDesk/apacheairflow/airflow-venv/lib/python3.8/site-packages/airflow/example_dags/tutorial.py took 0.298 seconds
[2022-01-04 02:05:04,475] {processor.py:163} INFO - Started process (PID=6321) to work on /Users/bhagvan.kommadi/OldDesk/apacheairflow/airflow-venv/lib/python3.8/site-packages/airflow/example_dags/tutorial.py
[2022-01-04 02:05:04,484] {processor.py:642} INFO - Processing file /Users/bhagvan.kommadi/OldDesk/apacheairflow/airflow-venv/lib/python3.8/site-packages/airflow/example_dags/tutorial.py for tasks to queue
[2022-01-04 02:05:04,485] {logging_mixin.py:109} INFO - [2022-01-04 02:05:04,485] {dagbag.py:500} INFO - Filling up the DagBag from /Users/bhagvan.kommadi/OldDesk/apacheairflow/airflow-venv/lib/python3.8/site-packages/airflow/example_dags/tutorial.py
[2022-01-04 02:05:04,537] {processor.py:654} INFO - DAG(s) dict_keys(['tutorial']) retrieved from /Users/bhagvan.kommadi/OldDesk/apacheairflow/airflow-venv/lib/python3.8/site-packages/airflow/example_dags/tutorial.py
[2022-01-04 02:05:04,558] {logging_mixin.py:109} INFO - [2022-01-04 02:05:04,558] {dag.py:2396} INFO - Sync 1 DAGs
[2022-01-04 02:05:04,569] {logging_mixin.py:109} INFO - [2022-01-04 02:05:04,569] {dag.py:2935} INFO - Setting next_dagrun for tutorial to 2022-01-02T20:35:04.569120+00:00
[2022-01-04 02:05:04,581] {processor.py:171} INFO - Processing /Users/bhagvan.kommadi/OldDesk/apacheairflow/airflow-venv/lib/python3.8/site-packages/airflow/example_dags/tutorial.py took 0.107 seconds
[2022-01-04 02:06:46,685] {processor.py:163} INFO - Started process (PID=6429) to work on /Users/bhagvan.kommadi/OldDesk/apacheairflow/airflow-venv/lib/python3.8/site-packages/airflow/example_dags/tutorial.py
[2022-01-04 02:06:46,686] {processor.py:642} INFO - Processing file /Users/bhagvan.kommadi/OldDesk/apacheairflow/airflow-venv/lib/python3.8/site-packages/airflow/example_dags/tutorial.py for tasks to queue
[2022-01-04 02:06:46,687] {logging_mixin.py:109} INFO - [2022-01-04 02:06:46,686] {dagbag.py:500} INFO - Filling up the DagBag from /Users/bhagvan.kommadi/OldDesk/apacheairflow/airflow-venv/lib/python3.8/site-packages/airflow/example_dags/tutorial.py
[2022-01-04 02:06:46,741] {processor.py:654} INFO - DAG(s) dict_keys(['tutorial']) retrieved from /Users/bhagvan.kommadi/OldDesk/apacheairflow/airflow-venv/lib/python3.8/site-packages/airflow/example_dags/tutorial.py
[2022-01-04 02:06:46,772] {logging_mixin.py:109} INFO - [2022-01-04 02:06:46,771] {dag.py:2396} INFO - Sync 1 DAGs
[2022-01-04 02:06:46,788] {logging_mixin.py:109} INFO - [2022-01-04 02:06:46,787] {dag.py:2935} INFO - Setting next_dagrun for tutorial to 2022-01-02T20:36:46.787705+00:00
[2022-01-04 02:06:46,800] {processor.py:171} INFO - Processing /Users/bhagvan.kommadi/OldDesk/apacheairflow/airflow-venv/lib/python3.8/site-packages/airflow/example_dags/tutorial.py took 0.116 seconds
[2022-01-04 02:08:18,428] {processor.py:163} INFO - Started process (PID=6559) to work on /Users/bhagvan.kommadi/OldDesk/apacheairflow/airflow-venv/lib/python3.8/site-packages/airflow/example_dags/tutorial.py
[2022-01-04 02:08:18,429] {processor.py:642} INFO - Processing file /Users/bhagvan.kommadi/OldDesk/apacheairflow/airflow-venv/lib/python3.8/site-packages/airflow/example_dags/tutorial.py for tasks to queue
[2022-01-04 02:08:18,429] {logging_mixin.py:109} INFO - [2022-01-04 02:08:18,429] {dagbag.py:500} INFO - Filling up the DagBag from /Users/bhagvan.kommadi/OldDesk/apacheairflow/airflow-venv/lib/python3.8/site-packages/airflow/example_dags/tutorial.py
[2022-01-04 02:08:18,477] {processor.py:654} INFO - DAG(s) dict_keys(['tutorial']) retrieved from /Users/bhagvan.kommadi/OldDesk/apacheairflow/airflow-venv/lib/python3.8/site-packages/airflow/example_dags/tutorial.py
[2022-01-04 02:08:18,500] {logging_mixin.py:109} INFO - [2022-01-04 02:08:18,500] {dag.py:2396} INFO - Sync 1 DAGs
[2022-01-04 02:08:18,511] {logging_mixin.py:109} INFO - [2022-01-04 02:08:18,511] {dag.py:2935} INFO - Setting next_dagrun for tutorial to 2022-01-02T20:38:18.511029+00:00
[2022-01-04 02:08:18,521] {processor.py:171} INFO - Processing /Users/bhagvan.kommadi/OldDesk/apacheairflow/airflow-venv/lib/python3.8/site-packages/airflow/example_dags/tutorial.py took 0.094 seconds
